2025-12-15 20:51:43,149 - INFO - Looking for config at: /Users/buuphan/Dev/Vietnam_dashboard/config/data_sources.json
2025-12-15 20:51:43,149 - WARNING - Could not load config from /Users/buuphan/Dev/Vietnam_dashboard/config/data_sources.json: [Errno 2] No such file or directory: '/Users/buuphan/Dev/Vietnam_dashboard/config/data_sources.json'
2025-12-15 20:51:43,150 - INFO - Loaded 457 symbols for processing
2025-12-15 20:51:43,150 - INFO - Starting update with 457 symbols for date: 2025-12-15
2025-12-15 20:51:43,150 - INFO - Starting daily update for 2025-12-15
2025-12-15 20:51:43,252 - INFO - Loaded existing data: 1000979 records
2025-12-15 20:51:43,270 - INFO - Latest date in existing data: 2025-12-15
2025-12-15 20:51:43,270 - INFO - Processing AAA (1/457)
2025-12-15 20:51:43,304 - INFO - Skipping AAA - data for 2025-12-15 already exists
2025-12-15 20:51:43,304 - INFO - Processing AAH (2/457)
2025-12-15 20:51:43,337 - INFO - Skipping AAH - data for 2025-12-15 already exists
2025-12-15 20:51:43,337 - INFO - Processing AAS (3/457)
2025-12-15 20:51:43,370 - INFO - Skipping AAS - data for 2025-12-15 already exists
2025-12-15 20:51:43,370 - INFO - Processing AAV (4/457)
2025-12-15 20:51:43,403 - INFO - Skipping AAV - data for 2025-12-15 already exists
2025-12-15 20:51:43,403 - INFO - Processing ABB (5/457)
2025-12-15 20:51:43,436 - INFO - Skipping ABB - data for 2025-12-15 already exists
2025-12-15 20:51:43,436 - INFO - Processing ABI (6/457)
2025-12-15 20:51:43,470 - INFO - Skipping ABI - data for 2025-12-15 already exists
2025-12-15 20:51:43,470 - INFO - Processing ABS (7/457)
2025-12-15 20:51:43,502 - INFO - Skipping ABS - data for 2025-12-15 already exists
2025-12-15 20:51:43,502 - INFO - Processing ABT (8/457)
2025-12-15 20:51:43,536 - INFO - Skipping ABT - data for 2025-12-15 already exists
2025-12-15 20:51:43,536 - INFO - Processing ABW (9/457)
2025-12-15 20:51:43,569 - INFO - Skipping ABW - data for 2025-12-15 already exists
2025-12-15 20:51:43,569 - INFO - Processing ACB (10/457)
2025-12-15 20:51:43,603 - INFO - Skipping ACB - data for 2025-12-15 already exists
2025-12-15 20:51:43,603 - INFO - Processing ACG (11/457)
2025-12-15 20:51:43,636 - INFO - Skipping ACG - data for 2025-12-15 already exists
2025-12-15 20:51:43,636 - INFO - Processing ACV (12/457)
2025-12-15 20:51:43,670 - INFO - Skipping ACV - data for 2025-12-15 already exists
2025-12-15 20:51:43,670 - INFO - Processing ADS (13/457)
2025-12-15 20:51:43,704 - INFO - Skipping ADS - data for 2025-12-15 already exists
2025-12-15 20:51:43,704 - INFO - Processing AFX (14/457)
2025-12-15 20:51:43,737 - INFO - Skipping AFX - data for 2025-12-15 already exists
2025-12-15 20:51:43,737 - INFO - Processing AGG (15/457)
2025-12-15 20:51:43,772 - INFO - Skipping AGG - data for 2025-12-15 already exists
2025-12-15 20:51:43,772 - INFO - Processing AGR (16/457)
2025-12-15 20:51:43,806 - INFO - Skipping AGR - data for 2025-12-15 already exists
2025-12-15 20:51:43,806 - INFO - Processing AMS (17/457)
2025-12-15 20:51:43,840 - INFO - Skipping AMS - data for 2025-12-15 already exists
2025-12-15 20:51:43,840 - INFO - Processing ANT (18/457)
2025-12-15 20:51:43,874 - INFO - Skipping ANT - data for 2025-12-15 already exists
2025-12-15 20:51:43,874 - INFO - Processing ANV (19/457)
2025-12-15 20:51:43,907 - INFO - Skipping ANV - data for 2025-12-15 already exists
2025-12-15 20:51:43,907 - INFO - Processing APF (20/457)
2025-12-15 20:51:43,940 - INFO - Skipping APF - data for 2025-12-15 already exists
2025-12-15 20:51:43,940 - INFO - Processing APG (21/457)
2025-12-15 20:51:43,973 - INFO - Skipping APG - data for 2025-12-15 already exists
2025-12-15 20:51:43,973 - INFO - Processing APH (22/457)
2025-12-15 20:51:44,007 - INFO - Skipping APH - data for 2025-12-15 already exists
2025-12-15 20:51:44,007 - INFO - Processing API (23/457)
2025-12-15 20:51:44,040 - INFO - Skipping API - data for 2025-12-15 already exists
2025-12-15 20:51:44,040 - INFO - Processing APS (24/457)
2025-12-15 20:51:44,073 - INFO - Skipping APS - data for 2025-12-15 already exists
2025-12-15 20:51:44,073 - INFO - Processing ASM (25/457)
2025-12-15 20:51:44,106 - INFO - Skipping ASM - data for 2025-12-15 already exists
2025-12-15 20:51:44,106 - INFO - Processing AST (26/457)
2025-12-15 20:51:44,139 - INFO - Skipping AST - data for 2025-12-15 already exists
2025-12-15 20:51:44,140 - INFO - Processing AVG (27/457)
2025-12-15 20:51:44,173 - INFO - Skipping AVG - data for 2025-12-15 already exists
2025-12-15 20:51:44,173 - INFO - Processing BAF (28/457)
2025-12-15 20:51:44,207 - INFO - Skipping BAF - data for 2025-12-15 already exists
2025-12-15 20:51:44,207 - INFO - Processing BCC (29/457)
2025-12-15 20:51:44,241 - INFO - Skipping BCC - data for 2025-12-15 already exists
2025-12-15 20:51:44,241 - INFO - Processing BCE (30/457)
2025-12-15 20:51:44,275 - INFO - Skipping BCE - data for 2025-12-15 already exists
2025-12-15 20:51:44,275 - INFO - Processing BCG (31/457)
2025-12-15 20:51:44,309 - INFO - Skipping BCG - data for 2025-12-15 already exists
2025-12-15 20:51:44,309 - INFO - Processing BCM (32/457)
2025-12-15 20:51:44,342 - INFO - Skipping BCM - data for 2025-12-15 already exists
2025-12-15 20:51:44,342 - INFO - Processing BCR (33/457)
2025-12-15 20:51:44,375 - INFO - Skipping BCR - data for 2025-12-15 already exists
2025-12-15 20:51:44,375 - INFO - Processing BFC (34/457)
2025-12-15 20:51:44,409 - INFO - Skipping BFC - data for 2025-12-15 already exists
2025-12-15 20:51:44,409 - INFO - Processing BGE (35/457)
2025-12-15 20:51:44,442 - INFO - Skipping BGE - data for 2025-12-15 already exists
2025-12-15 20:51:44,442 - INFO - Processing BIC (36/457)
2025-12-15 20:51:44,475 - INFO - Skipping BIC - data for 2025-12-15 already exists
2025-12-15 20:51:44,475 - INFO - Processing BID (37/457)
2025-12-15 20:51:44,510 - INFO - Skipping BID - data for 2025-12-15 already exists
2025-12-15 20:51:44,510 - INFO - Processing BKC (38/457)
2025-12-15 20:51:44,544 - INFO - Skipping BKC - data for 2025-12-15 already exists
2025-12-15 20:51:44,544 - INFO - Processing BMC (39/457)
2025-12-15 20:51:44,577 - INFO - Skipping BMC - data for 2025-12-15 already exists
2025-12-15 20:51:44,577 - INFO - Processing BMI (40/457)
2025-12-15 20:51:44,611 - INFO - Skipping BMI - data for 2025-12-15 already exists
2025-12-15 20:51:44,611 - INFO - Processing BMJ (41/457)
2025-12-15 20:51:44,645 - INFO - Skipping BMJ - data for 2025-12-15 already exists
2025-12-15 20:51:44,645 - INFO - Processing BMP (42/457)
2025-12-15 20:51:44,678 - INFO - Skipping BMP - data for 2025-12-15 already exists
2025-12-15 20:51:44,678 - INFO - Processing BMS (43/457)
2025-12-15 20:51:44,713 - INFO - Skipping BMS - data for 2025-12-15 already exists
2025-12-15 20:51:44,713 - INFO - Processing BNA (44/457)
2025-12-15 20:51:44,748 - INFO - Skipping BNA - data for 2025-12-15 already exists
2025-12-15 20:51:44,748 - INFO - Processing BOT (45/457)
2025-12-15 20:51:44,783 - INFO - Skipping BOT - data for 2025-12-15 already exists
2025-12-15 20:51:44,783 - INFO - Processing BSI (46/457)
2025-12-15 20:51:44,818 - INFO - Skipping BSI - data for 2025-12-15 already exists
2025-12-15 20:51:44,818 - INFO - Processing BSR (47/457)
2025-12-15 20:51:44,851 - INFO - Skipping BSR - data for 2025-12-15 already exists
2025-12-15 20:51:44,851 - INFO - Processing BVB (48/457)
2025-12-15 20:51:44,885 - INFO - Skipping BVB - data for 2025-12-15 already exists
2025-12-15 20:51:44,885 - INFO - Processing BVH (49/457)
2025-12-15 20:51:44,919 - INFO - Skipping BVH - data for 2025-12-15 already exists
2025-12-15 20:51:44,919 - INFO - Processing BVS (50/457)
2025-12-15 20:51:44,953 - INFO - Skipping BVS - data for 2025-12-15 already exists
2025-12-15 20:51:44,953 - INFO - Processing BWE (51/457)
2025-12-15 20:51:44,986 - INFO - Skipping BWE - data for 2025-12-15 already exists
2025-12-15 20:51:44,986 - INFO - Processing C47 (52/457)
2025-12-15 20:51:45,020 - INFO - Skipping C47 - data for 2025-12-15 already exists
2025-12-15 20:51:45,020 - INFO - Processing C4G (53/457)
2025-12-15 20:51:45,054 - INFO - Skipping C4G - data for 2025-12-15 already exists
2025-12-15 20:51:45,054 - INFO - Processing C69 (54/457)
2025-12-15 20:51:45,088 - INFO - Skipping C69 - data for 2025-12-15 already exists
2025-12-15 20:51:45,088 - INFO - Processing CCL (55/457)
2025-12-15 20:51:45,123 - INFO - Skipping CCL - data for 2025-12-15 already exists
2025-12-15 20:51:45,123 - INFO - Processing CDC (56/457)
2025-12-15 20:51:45,158 - INFO - Skipping CDC - data for 2025-12-15 already exists
2025-12-15 20:51:45,158 - INFO - Processing CEO (57/457)
2025-12-15 20:51:45,191 - INFO - Skipping CEO - data for 2025-12-15 already exists
2025-12-15 20:51:45,191 - INFO - Processing CHP (58/457)
2025-12-15 20:51:45,224 - INFO - Skipping CHP - data for 2025-12-15 already exists
2025-12-15 20:51:45,224 - INFO - Processing CIG (59/457)
2025-12-15 20:51:45,258 - INFO - Skipping CIG - data for 2025-12-15 already exists
2025-12-15 20:51:45,258 - INFO - Processing CII (60/457)
2025-12-15 20:51:45,292 - INFO - Skipping CII - data for 2025-12-15 already exists
2025-12-15 20:51:45,292 - INFO - Processing CKA (61/457)
2025-12-15 20:51:45,325 - INFO - Skipping CKA - data for 2025-12-15 already exists
2025-12-15 20:51:45,325 - INFO - Processing CKG (62/457)
2025-12-15 20:51:45,358 - INFO - Skipping CKG - data for 2025-12-15 already exists
2025-12-15 20:51:45,358 - INFO - Processing CLL (63/457)
2025-12-15 20:51:45,392 - INFO - Skipping CLL - data for 2025-12-15 already exists
2025-12-15 20:51:45,392 - INFO - Processing CLX (64/457)
2025-12-15 20:51:45,426 - INFO - Skipping CLX - data for 2025-12-15 already exists
2025-12-15 20:51:45,426 - INFO - Processing CMG (65/457)
2025-12-15 20:51:45,460 - INFO - Skipping CMG - data for 2025-12-15 already exists
2025-12-15 20:51:45,460 - INFO - Processing CMS (66/457)
2025-12-15 20:51:45,493 - INFO - Skipping CMS - data for 2025-12-15 already exists
2025-12-15 20:51:45,493 - INFO - Processing CMX (67/457)
2025-12-15 20:51:45,527 - INFO - Skipping CMX - data for 2025-12-15 already exists
2025-12-15 20:51:45,527 - INFO - Processing CNG (68/457)
2025-12-15 20:51:45,561 - INFO - Skipping CNG - data for 2025-12-15 already exists
2025-12-15 20:51:45,562 - INFO - Processing CRC (69/457)
2025-12-15 20:51:45,596 - INFO - Skipping CRC - data for 2025-12-15 already exists
2025-12-15 20:51:45,596 - INFO - Processing CRE (70/457)
2025-12-15 20:51:45,631 - INFO - Skipping CRE - data for 2025-12-15 already exists
2025-12-15 20:51:45,631 - INFO - Processing CSC (71/457)
2025-12-15 20:51:45,666 - INFO - Skipping CSC - data for 2025-12-15 already exists
2025-12-15 20:51:45,666 - INFO - Processing CSM (72/457)
2025-12-15 20:51:45,701 - INFO - Skipping CSM - data for 2025-12-15 already exists
2025-12-15 20:51:45,701 - INFO - Processing CST (73/457)
2025-12-15 20:51:45,736 - INFO - Skipping CST - data for 2025-12-15 already exists
2025-12-15 20:51:45,736 - INFO - Processing CSV (74/457)
2025-12-15 20:51:45,769 - INFO - Skipping CSV - data for 2025-12-15 already exists
2025-12-15 20:51:45,769 - INFO - Processing CTD (75/457)
2025-12-15 20:51:45,803 - INFO - Skipping CTD - data for 2025-12-15 already exists
2025-12-15 20:51:45,803 - INFO - Processing CTF (76/457)
2025-12-15 20:51:45,837 - INFO - Skipping CTF - data for 2025-12-15 already exists
2025-12-15 20:51:45,837 - INFO - Processing CTG (77/457)
2025-12-15 20:51:45,870 - INFO - Skipping CTG - data for 2025-12-15 already exists
2025-12-15 20:51:45,870 - INFO - Processing CTI (78/457)
2025-12-15 20:51:45,904 - INFO - Skipping CTI - data for 2025-12-15 already exists
2025-12-15 20:51:45,904 - INFO - Processing CTP (79/457)
2025-12-15 20:51:45,937 - INFO - Skipping CTP - data for 2025-12-15 already exists
2025-12-15 20:51:45,937 - INFO - Processing CTR (80/457)
2025-12-15 20:51:45,971 - INFO - Skipping CTR - data for 2025-12-15 already exists
2025-12-15 20:51:45,971 - INFO - Processing CTS (81/457)
2025-12-15 20:51:46,003 - INFO - Skipping CTS - data for 2025-12-15 already exists
2025-12-15 20:51:46,003 - INFO - Processing CTX (82/457)
2025-12-15 20:51:46,035 - INFO - Skipping CTX - data for 2025-12-15 already exists
2025-12-15 20:51:46,035 - INFO - Processing D2D (83/457)
2025-12-15 20:51:46,069 - INFO - Skipping D2D - data for 2025-12-15 already exists
2025-12-15 20:51:46,069 - INFO - Processing DAH (84/457)
2025-12-15 20:51:46,102 - INFO - Skipping DAH - data for 2025-12-15 already exists
2025-12-15 20:51:46,102 - INFO - Processing DBC (85/457)
2025-12-15 20:51:46,136 - INFO - Skipping DBC - data for 2025-12-15 already exists
2025-12-15 20:51:46,136 - INFO - Processing DBD (86/457)
2025-12-15 20:51:46,169 - INFO - Skipping DBD - data for 2025-12-15 already exists
2025-12-15 20:51:46,169 - INFO - Processing DC4 (87/457)
2025-12-15 20:51:46,203 - INFO - Skipping DC4 - data for 2025-12-15 already exists
2025-12-15 20:51:46,203 - INFO - Processing DCL (88/457)
2025-12-15 20:51:46,237 - INFO - Skipping DCL - data for 2025-12-15 already exists
2025-12-15 20:51:46,237 - INFO - Processing DCM (89/457)
2025-12-15 20:51:46,271 - INFO - Skipping DCM - data for 2025-12-15 already exists
2025-12-15 20:51:46,271 - INFO - Processing DDG (90/457)
2025-12-15 20:51:46,305 - INFO - Skipping DDG - data for 2025-12-15 already exists
2025-12-15 20:51:46,305 - INFO - Processing DDV (91/457)
2025-12-15 20:51:46,339 - INFO - Skipping DDV - data for 2025-12-15 already exists
2025-12-15 20:51:46,339 - INFO - Processing DFF (92/457)
2025-12-15 20:51:46,372 - INFO - Skipping DFF - data for 2025-12-15 already exists
2025-12-15 20:51:46,373 - INFO - Processing DGC (93/457)
2025-12-15 20:51:46,406 - INFO - Skipping DGC - data for 2025-12-15 already exists
2025-12-15 20:51:46,406 - INFO - Processing DGT (94/457)
2025-12-15 20:51:46,439 - INFO - Skipping DGT - data for 2025-12-15 already exists
2025-12-15 20:51:46,439 - INFO - Processing DGW (95/457)
2025-12-15 20:51:46,472 - INFO - Skipping DGW - data for 2025-12-15 already exists
2025-12-15 20:51:46,472 - INFO - Processing DHA (96/457)
2025-12-15 20:51:46,506 - INFO - Skipping DHA - data for 2025-12-15 already exists
2025-12-15 20:51:46,506 - INFO - Processing DHC (97/457)
2025-12-15 20:51:46,539 - INFO - Skipping DHC - data for 2025-12-15 already exists
2025-12-15 20:51:46,539 - INFO - Processing DHG (98/457)
2025-12-15 20:51:46,572 - INFO - Skipping DHG - data for 2025-12-15 already exists
2025-12-15 20:51:46,572 - INFO - Processing DHT (99/457)
2025-12-15 20:51:46,606 - INFO - Skipping DHT - data for 2025-12-15 already exists
2025-12-15 20:51:46,606 - INFO - Processing DIG (100/457)
2025-12-15 20:51:46,639 - INFO - Skipping DIG - data for 2025-12-15 already exists
2025-12-15 20:51:46,640 - INFO - Processing DL1 (101/457)
2025-12-15 20:51:46,672 - INFO - Skipping DL1 - data for 2025-12-15 already exists
2025-12-15 20:51:46,672 - INFO - Processing DLG (102/457)
2025-12-15 20:51:46,706 - INFO - Skipping DLG - data for 2025-12-15 already exists
2025-12-15 20:51:46,706 - INFO - Processing DNP (103/457)
2025-12-15 20:51:46,739 - INFO - Skipping DNP - data for 2025-12-15 already exists
2025-12-15 20:51:46,739 - INFO - Processing DPG (104/457)
2025-12-15 20:51:46,772 - INFO - Skipping DPG - data for 2025-12-15 already exists
2025-12-15 20:51:46,772 - INFO - Processing DPM (105/457)
2025-12-15 20:51:46,805 - INFO - Skipping DPM - data for 2025-12-15 already exists
2025-12-15 20:51:46,805 - INFO - Processing DPR (106/457)
2025-12-15 20:51:46,838 - INFO - Skipping DPR - data for 2025-12-15 already exists
2025-12-15 20:51:46,838 - INFO - Processing DRC (107/457)
2025-12-15 20:51:46,872 - INFO - Skipping DRC - data for 2025-12-15 already exists
2025-12-15 20:51:46,872 - INFO - Processing DRH (108/457)
2025-12-15 20:51:46,905 - INFO - Skipping DRH - data for 2025-12-15 already exists
2025-12-15 20:51:46,905 - INFO - Processing DRI (109/457)
2025-12-15 20:51:46,938 - INFO - Skipping DRI - data for 2025-12-15 already exists
2025-12-15 20:51:46,938 - INFO - Processing DSC (110/457)
2025-12-15 20:51:46,972 - INFO - Skipping DSC - data for 2025-12-15 already exists
2025-12-15 20:51:46,972 - INFO - Processing DSE (111/457)
2025-12-15 20:51:47,007 - INFO - Skipping DSE - data for 2025-12-15 already exists
2025-12-15 20:51:47,007 - INFO - Processing DSH (112/457)
2025-12-15 20:51:47,041 - INFO - Skipping DSH - data for 2025-12-15 already exists
2025-12-15 20:51:47,041 - INFO - Processing DSN (113/457)
2025-12-15 20:51:47,074 - INFO - Skipping DSN - data for 2025-12-15 already exists
2025-12-15 20:51:47,074 - INFO - Processing DTD (114/457)
2025-12-15 20:51:47,108 - INFO - Skipping DTD - data for 2025-12-15 already exists
2025-12-15 20:51:47,108 - INFO - Processing DVM (115/457)
2025-12-15 20:51:47,141 - INFO - Skipping DVM - data for 2025-12-15 already exists
2025-12-15 20:51:47,141 - INFO - Processing DVN (116/457)
2025-12-15 20:51:47,175 - INFO - Skipping DVN - data for 2025-12-15 already exists
2025-12-15 20:51:47,175 - INFO - Processing DVP (117/457)
2025-12-15 20:51:47,208 - INFO - Skipping DVP - data for 2025-12-15 already exists
2025-12-15 20:51:47,208 - INFO - Processing DXG (118/457)
2025-12-15 20:51:47,241 - INFO - Skipping DXG - data for 2025-12-15 already exists
2025-12-15 20:51:47,241 - INFO - Processing DXP (119/457)
2025-12-15 20:51:47,275 - INFO - Skipping DXP - data for 2025-12-15 already exists
2025-12-15 20:51:47,275 - INFO - Processing DXS (120/457)
2025-12-15 20:51:47,309 - INFO - Skipping DXS - data for 2025-12-15 already exists
2025-12-15 20:51:47,309 - INFO - Processing ECO (121/457)
2025-12-15 20:51:47,342 - INFO - Skipping ECO - data for 2025-12-15 already exists
2025-12-15 20:51:47,343 - INFO - Processing EIB (122/457)
2025-12-15 20:51:47,376 - INFO - Skipping EIB - data for 2025-12-15 already exists
2025-12-15 20:51:47,376 - INFO - Processing ELC (123/457)
2025-12-15 20:51:47,410 - INFO - Skipping ELC - data for 2025-12-15 already exists
2025-12-15 20:51:47,410 - INFO - Processing EVE (124/457)
2025-12-15 20:51:47,444 - INFO - Skipping EVE - data for 2025-12-15 already exists
2025-12-15 20:51:47,444 - INFO - Processing EVF (125/457)
2025-12-15 20:51:47,478 - INFO - Skipping EVF - data for 2025-12-15 already exists
2025-12-15 20:51:47,478 - INFO - Processing EVG (126/457)
2025-12-15 20:51:47,512 - INFO - Skipping EVG - data for 2025-12-15 already exists
2025-12-15 20:51:47,512 - INFO - Processing EVS (127/457)
2025-12-15 20:51:47,546 - INFO - Skipping EVS - data for 2025-12-15 already exists
2025-12-15 20:51:47,546 - INFO - Processing FCM (128/457)
2025-12-15 20:51:47,579 - INFO - Skipping FCM - data for 2025-12-15 already exists
2025-12-15 20:51:47,579 - INFO - Processing FCN (129/457)
2025-12-15 20:51:47,613 - INFO - Skipping FCN - data for 2025-12-15 already exists
2025-12-15 20:51:47,613 - INFO - Processing FIR (130/457)
2025-12-15 20:51:47,646 - INFO - Skipping FIR - data for 2025-12-15 already exists
2025-12-15 20:51:47,646 - INFO - Processing FIT (131/457)
2025-12-15 20:51:47,680 - INFO - Skipping FIT - data for 2025-12-15 already exists
2025-12-15 20:51:47,680 - INFO - Processing FMC (132/457)
2025-12-15 20:51:47,713 - INFO - Skipping FMC - data for 2025-12-15 already exists
2025-12-15 20:51:47,713 - INFO - Processing FOC (133/457)
2025-12-15 20:51:47,747 - INFO - Skipping FOC - data for 2025-12-15 already exists
2025-12-15 20:51:47,747 - INFO - Processing FOX (134/457)
2025-12-15 20:51:47,780 - INFO - Skipping FOX - data for 2025-12-15 already exists
2025-12-15 20:51:47,780 - INFO - Processing FPT (135/457)
2025-12-15 20:51:47,813 - INFO - Skipping FPT - data for 2025-12-15 already exists
2025-12-15 20:51:47,813 - INFO - Processing FRT (136/457)
2025-12-15 20:51:47,846 - INFO - Skipping FRT - data for 2025-12-15 already exists
2025-12-15 20:51:47,846 - INFO - Processing FTS (137/457)
2025-12-15 20:51:47,880 - INFO - Skipping FTS - data for 2025-12-15 already exists
2025-12-15 20:51:47,880 - INFO - Processing G36 (138/457)
2025-12-15 20:51:47,913 - INFO - Skipping G36 - data for 2025-12-15 already exists
2025-12-15 20:51:47,913 - INFO - Processing GAS (139/457)
2025-12-15 20:51:47,947 - INFO - Skipping GAS - data for 2025-12-15 already exists
2025-12-15 20:51:47,947 - INFO - Processing GDA (140/457)
2025-12-15 20:51:47,980 - INFO - Skipping GDA - data for 2025-12-15 already exists
2025-12-15 20:51:47,980 - INFO - Processing GDT (141/457)
2025-12-15 20:51:48,014 - INFO - Skipping GDT - data for 2025-12-15 already exists
2025-12-15 20:51:48,014 - INFO - Processing GEE (142/457)
2025-12-15 20:51:48,048 - INFO - Skipping GEE - data for 2025-12-15 already exists
2025-12-15 20:51:48,048 - INFO - Processing GEG (143/457)
2025-12-15 20:51:48,083 - INFO - Skipping GEG - data for 2025-12-15 already exists
2025-12-15 20:51:48,083 - INFO - Processing GEX (144/457)
2025-12-15 20:51:48,117 - INFO - Skipping GEX - data for 2025-12-15 already exists
2025-12-15 20:51:48,117 - INFO - Processing GIL (145/457)
2025-12-15 20:51:48,152 - INFO - Skipping GIL - data for 2025-12-15 already exists
2025-12-15 20:51:48,152 - INFO - Processing GKM (146/457)
2025-12-15 20:51:48,186 - INFO - Skipping GKM - data for 2025-12-15 already exists
2025-12-15 20:51:48,186 - INFO - Processing GMD (147/457)
2025-12-15 20:51:48,219 - INFO - Skipping GMD - data for 2025-12-15 already exists
2025-12-15 20:51:48,219 - INFO - Processing GSP (148/457)
2025-12-15 20:51:48,252 - INFO - Skipping GSP - data for 2025-12-15 already exists
2025-12-15 20:51:48,252 - INFO - Processing GVR (149/457)
2025-12-15 20:51:48,286 - INFO - Skipping GVR - data for 2025-12-15 already exists
2025-12-15 20:51:48,286 - INFO - Processing HAG (150/457)
2025-12-15 20:51:48,319 - INFO - Skipping HAG - data for 2025-12-15 already exists
2025-12-15 20:51:48,319 - INFO - Processing HAH (151/457)
2025-12-15 20:51:48,352 - INFO - Skipping HAH - data for 2025-12-15 already exists
2025-12-15 20:51:48,352 - INFO - Processing HAP (152/457)
2025-12-15 20:51:48,386 - INFO - Skipping HAP - data for 2025-12-15 already exists
2025-12-15 20:51:48,386 - INFO - Processing HAR (153/457)
2025-12-15 20:51:48,419 - INFO - Skipping HAR - data for 2025-12-15 already exists
2025-12-15 20:51:48,419 - INFO - Processing HAX (154/457)
2025-12-15 20:51:48,453 - INFO - Skipping HAX - data for 2025-12-15 already exists
2025-12-15 20:51:48,453 - INFO - Processing HBC (155/457)
2025-12-15 20:51:48,487 - INFO - Skipping HBC - data for 2025-12-15 already exists
2025-12-15 20:51:48,487 - INFO - Processing HCM (156/457)
2025-12-15 20:51:48,521 - INFO - Skipping HCM - data for 2025-12-15 already exists
2025-12-15 20:51:48,521 - INFO - Processing HD6 (157/457)
2025-12-15 20:51:48,556 - INFO - Skipping HD6 - data for 2025-12-15 already exists
2025-12-15 20:51:48,556 - INFO - Processing HDB (158/457)
2025-12-15 20:51:48,591 - INFO - Skipping HDB - data for 2025-12-15 already exists
2025-12-15 20:51:48,591 - INFO - Processing HDC (159/457)
2025-12-15 20:51:48,625 - INFO - Skipping HDC - data for 2025-12-15 already exists
2025-12-15 20:51:48,625 - INFO - Processing HDG (160/457)
2025-12-15 20:51:48,660 - INFO - Skipping HDG - data for 2025-12-15 already exists
2025-12-15 20:51:48,660 - INFO - Processing HGM (161/457)
2025-12-15 20:51:48,694 - INFO - Skipping HGM - data for 2025-12-15 already exists
2025-12-15 20:51:48,694 - INFO - Processing HHP (162/457)
2025-12-15 20:51:48,728 - INFO - Skipping HHP - data for 2025-12-15 already exists
2025-12-15 20:51:48,728 - INFO - Processing HHS (163/457)
2025-12-15 20:51:48,763 - INFO - Skipping HHS - data for 2025-12-15 already exists
2025-12-15 20:51:48,763 - INFO - Processing HHV (164/457)
2025-12-15 20:51:48,797 - INFO - Skipping HHV - data for 2025-12-15 already exists
2025-12-15 20:51:48,797 - INFO - Processing HII (165/457)
2025-12-15 20:51:48,831 - INFO - Skipping HII - data for 2025-12-15 already exists
2025-12-15 20:51:48,831 - INFO - Processing HLD (166/457)
2025-12-15 20:51:48,866 - INFO - Skipping HLD - data for 2025-12-15 already exists
2025-12-15 20:51:48,866 - INFO - Processing HNG (167/457)
2025-12-15 20:51:48,899 - INFO - Skipping HNG - data for 2025-12-15 already exists
2025-12-15 20:51:48,899 - INFO - Processing HNM (168/457)
2025-12-15 20:51:48,933 - INFO - Skipping HNM - data for 2025-12-15 already exists
2025-12-15 20:51:48,933 - INFO - Processing HPG (169/457)
2025-12-15 20:51:48,966 - INFO - Skipping HPG - data for 2025-12-15 already exists
2025-12-15 20:51:48,966 - INFO - Processing HPX (170/457)
2025-12-15 20:51:48,999 - INFO - Skipping HPX - data for 2025-12-15 already exists
2025-12-15 20:51:48,999 - INFO - Processing HQC (171/457)
2025-12-15 20:51:49,033 - INFO - Skipping HQC - data for 2025-12-15 already exists
2025-12-15 20:51:49,033 - INFO - Processing HSG (172/457)
2025-12-15 20:51:49,067 - INFO - Skipping HSG - data for 2025-12-15 already exists
2025-12-15 20:51:49,067 - INFO - Processing HSL (173/457)
2025-12-15 20:51:49,101 - INFO - Skipping HSL - data for 2025-12-15 already exists
2025-12-15 20:51:49,101 - INFO - Processing HT1 (174/457)
2025-12-15 20:51:49,134 - INFO - Skipping HT1 - data for 2025-12-15 already exists
2025-12-15 20:51:49,134 - INFO - Processing HTG (175/457)
2025-12-15 20:51:49,168 - INFO - Skipping HTG - data for 2025-12-15 already exists
2025-12-15 20:51:49,168 - INFO - Processing HTI (176/457)
2025-12-15 20:51:49,201 - INFO - Skipping HTI - data for 2025-12-15 already exists
2025-12-15 20:51:49,201 - INFO - Processing HTN (177/457)
2025-12-15 20:51:49,235 - INFO - Skipping HTN - data for 2025-12-15 already exists
2025-12-15 20:51:49,235 - INFO - Processing HUB (178/457)
2025-12-15 20:51:49,282 - INFO - Skipping HUB - data for 2025-12-15 already exists
2025-12-15 20:51:49,282 - INFO - Processing HUT (179/457)
2025-12-15 20:51:49,316 - INFO - Skipping HUT - data for 2025-12-15 already exists
2025-12-15 20:51:49,316 - INFO - Processing HVA (180/457)
2025-12-15 20:51:49,350 - INFO - Skipping HVA - data for 2025-12-15 already exists
2025-12-15 20:51:49,350 - INFO - Processing HVH (181/457)
2025-12-15 20:51:49,384 - INFO - Skipping HVH - data for 2025-12-15 already exists
2025-12-15 20:51:49,384 - INFO - Processing HVN (182/457)
2025-12-15 20:51:49,419 - INFO - Skipping HVN - data for 2025-12-15 already exists
2025-12-15 20:51:49,419 - INFO - Processing HVT (183/457)
2025-12-15 20:51:49,455 - INFO - Skipping HVT - data for 2025-12-15 already exists
2025-12-15 20:51:49,455 - INFO - Processing ICN (184/457)
2025-12-15 20:51:49,489 - INFO - Skipping ICN - data for 2025-12-15 already exists
2025-12-15 20:51:49,489 - INFO - Processing ICT (185/457)
2025-12-15 20:51:49,522 - INFO - Skipping ICT - data for 2025-12-15 already exists
2025-12-15 20:51:49,522 - INFO - Processing IDC (186/457)
2025-12-15 20:51:49,557 - INFO - Skipping IDC - data for 2025-12-15 already exists
2025-12-15 20:51:49,557 - INFO - Processing IDI (187/457)
2025-12-15 20:51:49,592 - INFO - Skipping IDI - data for 2025-12-15 already exists
2025-12-15 20:51:49,592 - INFO - Processing IDJ (188/457)
2025-12-15 20:51:49,627 - INFO - Skipping IDJ - data for 2025-12-15 already exists
2025-12-15 20:51:49,627 - INFO - Processing IDV (189/457)
2025-12-15 20:51:49,660 - INFO - Skipping IDV - data for 2025-12-15 already exists
2025-12-15 20:51:49,661 - INFO - Processing IJC (190/457)
2025-12-15 20:51:49,695 - INFO - Skipping IJC - data for 2025-12-15 already exists
2025-12-15 20:51:49,695 - INFO - Processing IMP (191/457)
2025-12-15 20:51:49,729 - INFO - Skipping IMP - data for 2025-12-15 already exists
2025-12-15 20:51:49,730 - INFO - Processing IPA (192/457)
2025-12-15 20:51:49,764 - INFO - Skipping IPA - data for 2025-12-15 already exists
2025-12-15 20:51:49,764 - INFO - Processing ITC (193/457)
2025-12-15 20:51:49,798 - INFO - Skipping ITC - data for 2025-12-15 already exists
2025-12-15 20:51:49,798 - INFO - Processing ITD (194/457)
2025-12-15 20:51:49,832 - INFO - Skipping ITD - data for 2025-12-15 already exists
2025-12-15 20:51:49,832 - INFO - Processing ITQ (195/457)
2025-12-15 20:51:49,866 - INFO - Skipping ITQ - data for 2025-12-15 already exists
2025-12-15 20:51:49,866 - INFO - Processing IVS (196/457)
2025-12-15 20:51:49,901 - INFO - Skipping IVS - data for 2025-12-15 already exists
2025-12-15 20:51:49,901 - INFO - Processing JVC (197/457)
2025-12-15 20:51:49,935 - INFO - Skipping JVC - data for 2025-12-15 already exists
2025-12-15 20:51:49,935 - INFO - Processing KBC (198/457)
2025-12-15 20:51:49,969 - INFO - Skipping KBC - data for 2025-12-15 already exists
2025-12-15 20:51:49,969 - INFO - Processing KCB (199/457)
2025-12-15 20:51:50,003 - INFO - Skipping KCB - data for 2025-12-15 already exists
2025-12-15 20:51:50,003 - INFO - Processing KDC (200/457)
2025-12-15 20:51:50,037 - INFO - Skipping KDC - data for 2025-12-15 already exists
2025-12-15 20:51:50,037 - INFO - Processing KDH (201/457)
2025-12-15 20:51:50,072 - INFO - Skipping KDH - data for 2025-12-15 already exists
2025-12-15 20:51:50,072 - INFO - Processing KHG (202/457)
2025-12-15 20:51:50,106 - INFO - Skipping KHG - data for 2025-12-15 already exists
2025-12-15 20:51:50,106 - INFO - Processing KLB (203/457)
2025-12-15 20:51:50,139 - INFO - Skipping KLB - data for 2025-12-15 already exists
2025-12-15 20:51:50,139 - INFO - Processing KOS (204/457)
2025-12-15 20:51:50,173 - INFO - Skipping KOS - data for 2025-12-15 already exists
2025-12-15 20:51:50,173 - INFO - Processing KSB (205/457)
2025-12-15 20:51:50,206 - INFO - Skipping KSB - data for 2025-12-15 already exists
2025-12-15 20:51:50,206 - INFO - Processing KSF (206/457)
2025-12-15 20:51:50,239 - INFO - Skipping KSF - data for 2025-12-15 already exists
2025-12-15 20:51:50,239 - INFO - Processing KSV (207/457)
2025-12-15 20:51:50,274 - INFO - Skipping KSV - data for 2025-12-15 already exists
2025-12-15 20:51:50,274 - INFO - Processing KVC (208/457)
2025-12-15 20:51:50,308 - INFO - Skipping KVC - data for 2025-12-15 already exists
2025-12-15 20:51:50,308 - INFO - Processing L14 (209/457)
2025-12-15 20:51:50,342 - INFO - Skipping L14 - data for 2025-12-15 already exists
2025-12-15 20:51:50,342 - INFO - Processing L18 (210/457)
2025-12-15 20:51:50,376 - INFO - Skipping L18 - data for 2025-12-15 already exists
2025-12-15 20:51:50,376 - INFO - Processing L40 (211/457)
2025-12-15 20:51:50,409 - INFO - Skipping L40 - data for 2025-12-15 already exists
2025-12-15 20:51:50,409 - INFO - Processing LAS (212/457)
2025-12-15 20:51:50,443 - INFO - Skipping LAS - data for 2025-12-15 already exists
2025-12-15 20:51:50,443 - INFO - Processing LBM (213/457)
2025-12-15 20:51:50,476 - INFO - Skipping LBM - data for 2025-12-15 already exists
2025-12-15 20:51:50,476 - INFO - Processing LCG (214/457)
2025-12-15 20:51:50,511 - INFO - Skipping LCG - data for 2025-12-15 already exists
2025-12-15 20:51:50,511 - INFO - Processing LDG (215/457)
2025-12-15 20:51:50,545 - INFO - Skipping LDG - data for 2025-12-15 already exists
2025-12-15 20:51:50,545 - INFO - Processing LGL (216/457)
2025-12-15 20:51:50,579 - INFO - Skipping LGL - data for 2025-12-15 already exists
2025-12-15 20:51:50,579 - INFO - Processing LHC (217/457)
2025-12-15 20:51:50,612 - INFO - Skipping LHC - data for 2025-12-15 already exists
2025-12-15 20:51:50,612 - INFO - Processing LHG (218/457)
2025-12-15 20:51:50,645 - INFO - Skipping LHG - data for 2025-12-15 already exists
2025-12-15 20:51:50,645 - INFO - Processing LIC (219/457)
2025-12-15 20:51:50,679 - INFO - Skipping LIC - data for 2025-12-15 already exists
2025-12-15 20:51:50,679 - INFO - Processing LIG (220/457)
2025-12-15 20:51:50,712 - INFO - Skipping LIG - data for 2025-12-15 already exists
2025-12-15 20:51:50,712 - INFO - Processing LIX (221/457)
2025-12-15 20:51:50,746 - INFO - Skipping LIX - data for 2025-12-15 already exists
2025-12-15 20:51:50,746 - INFO - Processing LPB (222/457)
2025-12-15 20:51:50,780 - INFO - Skipping LPB - data for 2025-12-15 already exists
2025-12-15 20:51:50,780 - INFO - Processing LSG (223/457)
2025-12-15 20:51:50,813 - INFO - Skipping LSG - data for 2025-12-15 already exists
2025-12-15 20:51:50,813 - INFO - Processing LSS (224/457)
2025-12-15 20:51:50,847 - INFO - Skipping LSS - data for 2025-12-15 already exists
2025-12-15 20:51:50,847 - INFO - Processing LTG (225/457)
2025-12-15 20:51:50,881 - INFO - Skipping LTG - data for 2025-12-15 already exists
2025-12-15 20:51:50,881 - INFO - Processing MBB (226/457)
2025-12-15 20:51:50,916 - INFO - Skipping MBB - data for 2025-12-15 already exists
2025-12-15 20:51:50,916 - INFO - Processing MBG (227/457)
2025-12-15 20:51:50,951 - INFO - Skipping MBG - data for 2025-12-15 already exists
2025-12-15 20:51:50,951 - INFO - Processing MBS (228/457)
2025-12-15 20:51:50,984 - INFO - Skipping MBS - data for 2025-12-15 already exists
2025-12-15 20:51:50,986 - INFO - Processing MCG (229/457)
2025-12-15 20:51:51,020 - INFO - Skipping MCG - data for 2025-12-15 already exists
2025-12-15 20:51:51,020 - INFO - Processing MCH (230/457)
2025-12-15 20:51:51,055 - INFO - Skipping MCH - data for 2025-12-15 already exists
2025-12-15 20:51:51,055 - INFO - Processing MCM (231/457)
2025-12-15 20:51:51,089 - INFO - Skipping MCM - data for 2025-12-15 already exists
2025-12-15 20:51:51,089 - INFO - Processing MFS (232/457)
2025-12-15 20:51:51,123 - INFO - Skipping MFS - data for 2025-12-15 already exists
2025-12-15 20:51:51,123 - INFO - Processing MHC (233/457)
2025-12-15 20:51:51,156 - INFO - Skipping MHC - data for 2025-12-15 already exists
2025-12-15 20:51:51,156 - INFO - Processing MIG (234/457)
2025-12-15 20:51:51,190 - INFO - Skipping MIG - data for 2025-12-15 already exists
2025-12-15 20:51:51,190 - INFO - Processing MLS (235/457)
2025-12-15 20:51:51,223 - INFO - Skipping MLS - data for 2025-12-15 already exists
2025-12-15 20:51:51,223 - INFO - Processing MML (236/457)
2025-12-15 20:51:51,255 - INFO - Skipping MML - data for 2025-12-15 already exists
2025-12-15 20:51:51,255 - INFO - Processing MPC (237/457)
2025-12-15 20:51:51,288 - INFO - Skipping MPC - data for 2025-12-15 already exists
2025-12-15 20:51:51,288 - INFO - Processing MSB (238/457)
2025-12-15 20:51:51,322 - INFO - Skipping MSB - data for 2025-12-15 already exists
2025-12-15 20:51:51,322 - INFO - Processing MSH (239/457)
2025-12-15 20:51:51,355 - INFO - Skipping MSH - data for 2025-12-15 already exists
2025-12-15 20:51:51,355 - INFO - Processing MSN (240/457)
2025-12-15 20:51:51,389 - INFO - Skipping MSN - data for 2025-12-15 already exists
2025-12-15 20:51:51,389 - INFO - Processing MSR (241/457)
2025-12-15 20:51:51,423 - INFO - Skipping MSR - data for 2025-12-15 already exists
2025-12-15 20:51:51,423 - INFO - Processing MST (242/457)
2025-12-15 20:51:51,457 - INFO - Skipping MST - data for 2025-12-15 already exists
2025-12-15 20:51:51,457 - INFO - Processing MTA (243/457)
2025-12-15 20:51:51,490 - INFO - Skipping MTA - data for 2025-12-15 already exists
2025-12-15 20:51:51,490 - INFO - Processing MVC (244/457)
2025-12-15 20:51:51,525 - INFO - Skipping MVC - data for 2025-12-15 already exists
2025-12-15 20:51:51,525 - INFO - Processing MWG (245/457)
2025-12-15 20:51:51,559 - INFO - Skipping MWG - data for 2025-12-15 already exists
2025-12-15 20:51:51,559 - INFO - Processing MZG (246/457)
2025-12-15 20:51:51,591 - INFO - Skipping MZG - data for 2025-12-15 already exists
2025-12-15 20:51:51,591 - INFO - Processing NAB (247/457)
2025-12-15 20:51:51,625 - INFO - Skipping NAB - data for 2025-12-15 already exists
2025-12-15 20:51:51,625 - INFO - Processing NAF (248/457)
2025-12-15 20:51:51,658 - INFO - Skipping NAF - data for 2025-12-15 already exists
2025-12-15 20:51:51,658 - INFO - Processing NAG (249/457)
2025-12-15 20:51:51,691 - INFO - Skipping NAG - data for 2025-12-15 already exists
2025-12-15 20:51:51,691 - INFO - Processing NBB (250/457)
2025-12-15 20:51:51,725 - INFO - Skipping NBB - data for 2025-12-15 already exists
2025-12-15 20:51:51,725 - INFO - Processing NBC (251/457)
2025-12-15 20:51:51,759 - INFO - Skipping NBC - data for 2025-12-15 already exists
2025-12-15 20:51:51,759 - INFO - Processing NCT (252/457)
2025-12-15 20:51:51,793 - INFO - Skipping NCT - data for 2025-12-15 already exists
2025-12-15 20:51:51,793 - INFO - Processing NDN (253/457)
2025-12-15 20:51:51,827 - INFO - Skipping NDN - data for 2025-12-15 already exists
2025-12-15 20:51:51,827 - INFO - Processing NED (254/457)
2025-12-15 20:51:51,862 - INFO - Skipping NED - data for 2025-12-15 already exists
2025-12-15 20:51:51,862 - INFO - Processing NHA (255/457)
2025-12-15 20:51:51,896 - INFO - Skipping NHA - data for 2025-12-15 already exists
2025-12-15 20:51:51,896 - INFO - Processing NHH (256/457)
2025-12-15 20:51:51,930 - INFO - Skipping NHH - data for 2025-12-15 already exists
2025-12-15 20:51:51,930 - INFO - Processing NKG (257/457)
2025-12-15 20:51:51,963 - INFO - Skipping NKG - data for 2025-12-15 already exists
2025-12-15 20:51:51,963 - INFO - Processing NLG (258/457)
2025-12-15 20:51:51,997 - INFO - Skipping NLG - data for 2025-12-15 already exists
2025-12-15 20:51:51,997 - INFO - Processing NNC (259/457)
2025-12-15 20:51:52,031 - INFO - Skipping NNC - data for 2025-12-15 already exists
2025-12-15 20:51:52,031 - INFO - Processing NO1 (260/457)
2025-12-15 20:51:52,065 - INFO - Skipping NO1 - data for 2025-12-15 already exists
2025-12-15 20:51:52,065 - INFO - Processing NRC (261/457)
2025-12-15 20:51:52,098 - INFO - Skipping NRC - data for 2025-12-15 already exists
2025-12-15 20:51:52,098 - INFO - Processing NT2 (262/457)
2025-12-15 20:51:52,132 - INFO - Skipping NT2 - data for 2025-12-15 already exists
2025-12-15 20:51:52,132 - INFO - Processing NTC (263/457)
2025-12-15 20:51:52,167 - INFO - Skipping NTC - data for 2025-12-15 already exists
2025-12-15 20:51:52,167 - INFO - Processing NTL (264/457)
2025-12-15 20:51:52,203 - INFO - Skipping NTL - data for 2025-12-15 already exists
2025-12-15 20:51:52,203 - INFO - Processing NTP (265/457)
2025-12-15 20:51:52,237 - INFO - Skipping NTP - data for 2025-12-15 already exists
2025-12-15 20:51:52,237 - INFO - Processing NVB (266/457)
2025-12-15 20:51:52,271 - INFO - Skipping NVB - data for 2025-12-15 already exists
2025-12-15 20:51:52,271 - INFO - Processing NVL (267/457)
2025-12-15 20:51:52,305 - INFO - Skipping NVL - data for 2025-12-15 already exists
2025-12-15 20:51:52,305 - INFO - Processing OCB (268/457)
2025-12-15 20:51:52,338 - INFO - Skipping OCB - data for 2025-12-15 already exists
2025-12-15 20:51:52,338 - INFO - Processing ODE (269/457)
2025-12-15 20:51:52,372 - INFO - Skipping ODE - data for 2025-12-15 already exists
2025-12-15 20:51:52,372 - INFO - Processing OGC (270/457)
2025-12-15 20:51:52,406 - INFO - Skipping OGC - data for 2025-12-15 already exists
2025-12-15 20:51:52,406 - INFO - Processing OIL (271/457)
2025-12-15 20:51:52,440 - INFO - Skipping OIL - data for 2025-12-15 already exists
2025-12-15 20:51:52,440 - INFO - Processing OPC (272/457)
2025-12-15 20:51:52,474 - INFO - Skipping OPC - data for 2025-12-15 already exists
2025-12-15 20:51:52,474 - INFO - Processing ORS (273/457)
2025-12-15 20:51:52,508 - INFO - Skipping ORS - data for 2025-12-15 already exists
2025-12-15 20:51:52,508 - INFO - Processing PAC (274/457)
2025-12-15 20:51:52,542 - INFO - Skipping PAC - data for 2025-12-15 already exists
2025-12-15 20:51:52,542 - INFO - Processing PAN (275/457)
2025-12-15 20:51:52,575 - INFO - Skipping PAN - data for 2025-12-15 already exists
2025-12-15 20:51:52,575 - INFO - Processing PAT (276/457)
2025-12-15 20:51:52,609 - INFO - Skipping PAT - data for 2025-12-15 already exists
2025-12-15 20:51:52,609 - INFO - Processing PC1 (277/457)
2025-12-15 20:51:52,644 - INFO - Skipping PC1 - data for 2025-12-15 already exists
2025-12-15 20:51:52,644 - INFO - Processing PCH (278/457)
2025-12-15 20:51:52,678 - INFO - Skipping PCH - data for 2025-12-15 already exists
2025-12-15 20:51:52,678 - INFO - Processing PDR (279/457)
2025-12-15 20:51:52,713 - INFO - Skipping PDR - data for 2025-12-15 already exists
2025-12-15 20:51:52,713 - INFO - Processing PET (280/457)
2025-12-15 20:51:52,747 - INFO - Skipping PET - data for 2025-12-15 already exists
2025-12-15 20:51:52,747 - INFO - Processing PFL (281/457)
2025-12-15 20:51:52,781 - INFO - Skipping PFL - data for 2025-12-15 already exists
2025-12-15 20:51:52,781 - INFO - Processing PGB (282/457)
2025-12-15 20:51:52,814 - INFO - Skipping PGB - data for 2025-12-15 already exists
2025-12-15 20:51:52,814 - INFO - Processing PGV (283/457)
2025-12-15 20:51:52,847 - INFO - Skipping PGV - data for 2025-12-15 already exists
2025-12-15 20:51:52,847 - INFO - Processing PHC (284/457)
2025-12-15 20:51:52,880 - INFO - Skipping PHC - data for 2025-12-15 already exists
2025-12-15 20:51:52,880 - INFO - Processing PHP (285/457)
2025-12-15 20:51:52,914 - INFO - Skipping PHP - data for 2025-12-15 already exists
2025-12-15 20:51:52,914 - INFO - Processing PHR (286/457)
2025-12-15 20:51:52,947 - INFO - Skipping PHR - data for 2025-12-15 already exists
2025-12-15 20:51:52,948 - INFO - Processing PLC (287/457)
2025-12-15 20:51:52,981 - INFO - Skipping PLC - data for 2025-12-15 already exists
2025-12-15 20:51:52,981 - INFO - Processing PLX (288/457)
2025-12-15 20:51:53,015 - INFO - Skipping PLX - data for 2025-12-15 already exists
2025-12-15 20:51:53,015 - INFO - Processing PMC (289/457)
2025-12-15 20:51:53,048 - INFO - Skipping PMC - data for 2025-12-15 already exists
2025-12-15 20:51:53,048 - INFO - Processing PNJ (290/457)
2025-12-15 20:51:53,081 - INFO - Skipping PNJ - data for 2025-12-15 already exists
2025-12-15 20:51:53,081 - INFO - Processing POM (291/457)
2025-12-15 20:51:53,115 - INFO - Skipping POM - data for 2025-12-15 already exists
2025-12-15 20:51:53,115 - INFO - Processing POW (292/457)
2025-12-15 20:51:53,148 - INFO - Skipping POW - data for 2025-12-15 already exists
2025-12-15 20:51:53,148 - INFO - Processing PPC (293/457)
2025-12-15 20:51:53,182 - INFO - Skipping PPC - data for 2025-12-15 already exists
2025-12-15 20:51:53,182 - INFO - Processing PPT (294/457)
2025-12-15 20:51:53,215 - INFO - Skipping PPT - data for 2025-12-15 already exists
2025-12-15 20:51:53,215 - INFO - Processing PSD (295/457)
2025-12-15 20:51:53,249 - INFO - Skipping PSD - data for 2025-12-15 already exists
2025-12-15 20:51:53,249 - INFO - Processing PSI (296/457)
2025-12-15 20:51:53,283 - INFO - Skipping PSI - data for 2025-12-15 already exists
2025-12-15 20:51:53,283 - INFO - Processing PSW (297/457)
2025-12-15 20:51:53,316 - INFO - Skipping PSW - data for 2025-12-15 already exists
2025-12-15 20:51:53,316 - INFO - Processing PTB (298/457)
2025-12-15 20:51:53,349 - INFO - Skipping PTB - data for 2025-12-15 already exists
2025-12-15 20:51:53,349 - INFO - Processing PTL (299/457)
2025-12-15 20:51:53,383 - INFO - Skipping PTL - data for 2025-12-15 already exists
2025-12-15 20:51:53,383 - INFO - Processing PV2 (300/457)
2025-12-15 20:51:53,417 - INFO - Skipping PV2 - data for 2025-12-15 already exists
2025-12-15 20:51:53,417 - INFO - Processing PVB (301/457)
2025-12-15 20:51:53,451 - INFO - Skipping PVB - data for 2025-12-15 already exists
2025-12-15 20:51:53,451 - INFO - Processing PVC (302/457)
2025-12-15 20:51:53,484 - INFO - Skipping PVC - data for 2025-12-15 already exists
2025-12-15 20:51:53,484 - INFO - Processing PVD (303/457)
2025-12-15 20:51:53,517 - INFO - Skipping PVD - data for 2025-12-15 already exists
2025-12-15 20:51:53,517 - INFO - Processing PVI (304/457)
2025-12-15 20:51:53,551 - INFO - Skipping PVI - data for 2025-12-15 already exists
2025-12-15 20:51:53,551 - INFO - Processing PVP (305/457)
2025-12-15 20:51:53,585 - INFO - Skipping PVP - data for 2025-12-15 already exists
2025-12-15 20:51:53,585 - INFO - Processing PVS (306/457)
2025-12-15 20:51:53,618 - INFO - Skipping PVS - data for 2025-12-15 already exists
2025-12-15 20:51:53,618 - INFO - Processing PVT (307/457)
2025-12-15 20:51:53,652 - INFO - Skipping PVT - data for 2025-12-15 already exists
2025-12-15 20:51:53,652 - INFO - Processing PVX (308/457)
2025-12-15 20:51:53,685 - INFO - Skipping PVX - data for 2025-12-15 already exists
2025-12-15 20:51:53,685 - INFO - Processing PXL (309/457)
2025-12-15 20:51:53,719 - INFO - Skipping PXL - data for 2025-12-15 already exists
2025-12-15 20:51:53,719 - INFO - Processing QCG (310/457)
2025-12-15 20:51:53,753 - INFO - Skipping QCG - data for 2025-12-15 already exists
2025-12-15 20:51:53,753 - INFO - Processing QNS (311/457)
2025-12-15 20:51:53,787 - INFO - Skipping QNS - data for 2025-12-15 already exists
2025-12-15 20:51:53,787 - INFO - Processing QTP (312/457)
2025-12-15 20:51:53,821 - INFO - Skipping QTP - data for 2025-12-15 already exists
2025-12-15 20:51:53,821 - INFO - Processing RAL (313/457)
2025-12-15 20:51:53,855 - INFO - Skipping RAL - data for 2025-12-15 already exists
2025-12-15 20:51:53,855 - INFO - Processing REE (314/457)
2025-12-15 20:51:53,888 - INFO - Skipping REE - data for 2025-12-15 already exists
2025-12-15 20:51:53,888 - INFO - Processing RYG (315/457)
2025-12-15 20:51:53,922 - INFO - Skipping RYG - data for 2025-12-15 already exists
2025-12-15 20:51:53,922 - INFO - Processing S99 (316/457)
2025-12-15 20:51:53,956 - INFO - Skipping S99 - data for 2025-12-15 already exists
2025-12-15 20:51:53,956 - INFO - Processing SAB (317/457)
2025-12-15 20:51:53,990 - INFO - Skipping SAB - data for 2025-12-15 already exists
2025-12-15 20:51:53,990 - INFO - Processing SAM (318/457)
2025-12-15 20:51:54,024 - INFO - Skipping SAM - data for 2025-12-15 already exists
2025-12-15 20:51:54,024 - INFO - Processing SAS (319/457)
2025-12-15 20:51:54,058 - INFO - Skipping SAS - data for 2025-12-15 already exists
2025-12-15 20:51:54,058 - INFO - Processing SBG (320/457)
2025-12-15 20:51:54,092 - INFO - Skipping SBG - data for 2025-12-15 already exists
2025-12-15 20:51:54,092 - INFO - Processing SBS (321/457)
2025-12-15 20:51:54,127 - INFO - Skipping SBS - data for 2025-12-15 already exists
2025-12-15 20:51:54,127 - INFO - Processing SBT (322/457)
2025-12-15 20:51:54,160 - INFO - Skipping SBT - data for 2025-12-15 already exists
2025-12-15 20:51:54,160 - INFO - Processing SCG (323/457)
2025-12-15 20:51:54,193 - INFO - Skipping SCG - data for 2025-12-15 already exists
2025-12-15 20:51:54,193 - INFO - Processing SCL (324/457)
2025-12-15 20:51:54,227 - INFO - Skipping SCL - data for 2025-12-15 already exists
2025-12-15 20:51:54,227 - INFO - Processing SCR (325/457)
2025-12-15 20:51:54,262 - INFO - Skipping SCR - data for 2025-12-15 already exists
2025-12-15 20:51:54,262 - INFO - Processing SCS (326/457)
2025-12-15 20:51:54,297 - INFO - Skipping SCS - data for 2025-12-15 already exists
2025-12-15 20:51:54,297 - INFO - Processing SEA (327/457)
2025-12-15 20:51:54,331 - INFO - Skipping SEA - data for 2025-12-15 already exists
2025-12-15 20:51:54,331 - INFO - Processing SGN (328/457)
2025-12-15 20:51:54,366 - INFO - Skipping SGN - data for 2025-12-15 already exists
2025-12-15 20:51:54,366 - INFO - Processing SGP (329/457)
2025-12-15 20:51:54,400 - INFO - Skipping SGP - data for 2025-12-15 already exists
2025-12-15 20:51:54,400 - INFO - Processing SGR (330/457)
2025-12-15 20:51:54,435 - INFO - Skipping SGR - data for 2025-12-15 already exists
2025-12-15 20:51:54,435 - INFO - Processing SGT (331/457)
2025-12-15 20:51:54,469 - INFO - Skipping SGT - data for 2025-12-15 already exists
2025-12-15 20:51:54,469 - INFO - Processing SHB (332/457)
2025-12-15 20:51:54,503 - INFO - Skipping SHB - data for 2025-12-15 already exists
2025-12-15 20:51:54,503 - INFO - Processing SHI (333/457)
2025-12-15 20:51:54,537 - INFO - Skipping SHI - data for 2025-12-15 already exists
2025-12-15 20:51:54,537 - INFO - Processing SHN (334/457)
2025-12-15 20:51:54,571 - INFO - Skipping SHN - data for 2025-12-15 already exists
2025-12-15 20:51:54,571 - INFO - Processing SHS (335/457)
2025-12-15 20:51:54,605 - INFO - Skipping SHS - data for 2025-12-15 already exists
2025-12-15 20:51:54,605 - INFO - Processing SIP (336/457)
2025-12-15 20:51:54,638 - INFO - Skipping SIP - data for 2025-12-15 already exists
2025-12-15 20:51:54,638 - INFO - Processing SJD (337/457)
2025-12-15 20:51:54,672 - INFO - Skipping SJD - data for 2025-12-15 already exists
2025-12-15 20:51:54,672 - INFO - Processing SJE (338/457)
2025-12-15 20:51:54,707 - INFO - Skipping SJE - data for 2025-12-15 already exists
2025-12-15 20:51:54,707 - INFO - Processing SJS (339/457)
2025-12-15 20:51:54,740 - INFO - Skipping SJS - data for 2025-12-15 already exists
2025-12-15 20:51:54,740 - INFO - Processing SKG (340/457)
2025-12-15 20:51:54,774 - INFO - Skipping SKG - data for 2025-12-15 already exists
2025-12-15 20:51:54,774 - INFO - Processing SLS (341/457)
2025-12-15 20:51:54,808 - INFO - Skipping SLS - data for 2025-12-15 already exists
2025-12-15 20:51:54,808 - INFO - Processing SMB (342/457)
2025-12-15 20:51:54,842 - INFO - Skipping SMB - data for 2025-12-15 already exists
2025-12-15 20:51:54,842 - INFO - Processing SMC (343/457)
2025-12-15 20:51:54,876 - INFO - Skipping SMC - data for 2025-12-15 already exists
2025-12-15 20:51:54,876 - INFO - Processing SSB (344/457)
2025-12-15 20:51:54,910 - INFO - Skipping SSB - data for 2025-12-15 already exists
2025-12-15 20:51:54,911 - INFO - Processing SSH (345/457)
2025-12-15 20:51:54,945 - INFO - Skipping SSH - data for 2025-12-15 already exists
2025-12-15 20:51:54,945 - INFO - Processing SSI (346/457)
2025-12-15 20:51:54,979 - INFO - Skipping SSI - data for 2025-12-15 already exists
2025-12-15 20:51:54,979 - INFO - Processing ST8 (347/457)
2025-12-15 20:51:55,013 - INFO - Skipping ST8 - data for 2025-12-15 already exists
2025-12-15 20:51:55,013 - INFO - Processing STB (348/457)
2025-12-15 20:51:55,046 - INFO - Skipping STB - data for 2025-12-15 already exists
2025-12-15 20:51:55,046 - INFO - Processing STH (349/457)
2025-12-15 20:51:55,079 - INFO - Skipping STH - data for 2025-12-15 already exists
2025-12-15 20:51:55,079 - INFO - Processing STK (350/457)
2025-12-15 20:51:55,113 - INFO - Skipping STK - data for 2025-12-15 already exists
2025-12-15 20:51:55,113 - INFO - Processing SVN (351/457)
2025-12-15 20:51:55,146 - INFO - Skipping SVN - data for 2025-12-15 already exists
2025-12-15 20:51:55,146 - INFO - Processing SZB (352/457)
2025-12-15 20:51:55,180 - INFO - Skipping SZB - data for 2025-12-15 already exists
2025-12-15 20:51:55,180 - INFO - Processing SZC (353/457)
2025-12-15 20:51:55,214 - INFO - Skipping SZC - data for 2025-12-15 already exists
2025-12-15 20:51:55,214 - INFO - Processing SZL (354/457)
2025-12-15 20:51:55,247 - INFO - Skipping SZL - data for 2025-12-15 already exists
2025-12-15 20:51:55,247 - INFO - Processing TAL (355/457)
2025-12-15 20:51:55,281 - INFO - Skipping TAL - data for 2025-12-15 already exists
2025-12-15 20:51:55,281 - INFO - Processing TCB (356/457)
2025-12-15 20:51:55,315 - INFO - Skipping TCB - data for 2025-12-15 already exists
2025-12-15 20:51:55,315 - INFO - Processing TCD (357/457)
2025-12-15 20:51:55,350 - INFO - Skipping TCD - data for 2025-12-15 already exists
2025-12-15 20:51:55,350 - INFO - Processing TCH (358/457)
2025-12-15 20:51:55,384 - INFO - Skipping TCH - data for 2025-12-15 already exists
2025-12-15 20:51:55,384 - INFO - Processing TCI (359/457)
2025-12-15 20:51:55,418 - INFO - Skipping TCI - data for 2025-12-15 already exists
2025-12-15 20:51:55,418 - INFO - Processing TCL (360/457)
2025-12-15 20:51:55,454 - INFO - Skipping TCL - data for 2025-12-15 already exists
2025-12-15 20:51:55,454 - INFO - Processing TCM (361/457)
2025-12-15 20:51:55,488 - INFO - Skipping TCM - data for 2025-12-15 already exists
2025-12-15 20:51:55,488 - INFO - Processing TCO (362/457)
2025-12-15 20:51:55,522 - INFO - Skipping TCO - data for 2025-12-15 already exists
2025-12-15 20:51:55,522 - INFO - Processing TD6 (363/457)
2025-12-15 20:51:55,556 - INFO - Skipping TD6 - data for 2025-12-15 already exists
2025-12-15 20:51:55,556 - INFO - Processing TDC (364/457)
2025-12-15 20:51:55,591 - INFO - Skipping TDC - data for 2025-12-15 already exists
2025-12-15 20:51:55,591 - INFO - Processing TDH (365/457)
2025-12-15 20:51:55,625 - INFO - Skipping TDH - data for 2025-12-15 already exists
2025-12-15 20:51:55,625 - INFO - Processing TDM (366/457)
2025-12-15 20:51:55,661 - INFO - Skipping TDM - data for 2025-12-15 already exists
2025-12-15 20:51:55,661 - INFO - Processing TDP (367/457)
2025-12-15 20:51:55,695 - INFO - Skipping TDP - data for 2025-12-15 already exists
2025-12-15 20:51:55,695 - INFO - Processing TEG (368/457)
2025-12-15 20:51:55,730 - INFO - Skipping TEG - data for 2025-12-15 already exists
2025-12-15 20:51:55,730 - INFO - Processing THG (369/457)
2025-12-15 20:51:55,765 - INFO - Skipping THG - data for 2025-12-15 already exists
2025-12-15 20:51:55,765 - INFO - Processing TIG (370/457)
2025-12-15 20:51:55,799 - INFO - Skipping TIG - data for 2025-12-15 already exists
2025-12-15 20:51:55,799 - INFO - Processing TIP (371/457)
2025-12-15 20:51:55,833 - INFO - Skipping TIP - data for 2025-12-15 already exists
2025-12-15 20:51:55,833 - INFO - Processing TL4 (372/457)
2025-12-15 20:51:55,866 - INFO - Skipping TL4 - data for 2025-12-15 already exists
2025-12-15 20:51:55,866 - INFO - Processing TLD (373/457)
2025-12-15 20:51:55,900 - INFO - Skipping TLD - data for 2025-12-15 already exists
2025-12-15 20:51:55,900 - INFO - Processing TLG (374/457)
2025-12-15 20:51:55,933 - INFO - Skipping TLG - data for 2025-12-15 already exists
2025-12-15 20:51:55,933 - INFO - Processing TLH (375/457)
2025-12-15 20:51:55,966 - INFO - Skipping TLH - data for 2025-12-15 already exists
2025-12-15 20:51:55,966 - INFO - Processing TNC (376/457)
2025-12-15 20:51:56,001 - INFO - Skipping TNC - data for 2025-12-15 already exists
2025-12-15 20:51:56,001 - INFO - Processing TNG (377/457)
2025-12-15 20:51:56,035 - INFO - Skipping TNG - data for 2025-12-15 already exists
2025-12-15 20:51:56,035 - INFO - Processing TNH (378/457)
2025-12-15 20:51:56,069 - INFO - Skipping TNH - data for 2025-12-15 already exists
2025-12-15 20:51:56,069 - INFO - Processing TNI (379/457)
2025-12-15 20:51:56,103 - INFO - Skipping TNI - data for 2025-12-15 already exists
2025-12-15 20:51:56,103 - INFO - Processing TNT (380/457)
2025-12-15 20:51:56,137 - INFO - Skipping TNT - data for 2025-12-15 already exists
2025-12-15 20:51:56,137 - INFO - Processing TOS (381/457)
2025-12-15 20:51:56,170 - INFO - Skipping TOS - data for 2025-12-15 already exists
2025-12-15 20:51:56,170 - INFO - Processing TPB (382/457)
2025-12-15 20:51:56,205 - INFO - Skipping TPB - data for 2025-12-15 already exists
2025-12-15 20:51:56,205 - INFO - Processing TRC (383/457)
2025-12-15 20:51:56,239 - INFO - Skipping TRC - data for 2025-12-15 already exists
2025-12-15 20:51:56,239 - INFO - Processing TSC (384/457)
2025-12-15 20:51:56,273 - INFO - Skipping TSC - data for 2025-12-15 already exists
2025-12-15 20:51:56,273 - INFO - Processing TTA (385/457)
2025-12-15 20:51:56,307 - INFO - Skipping TTA - data for 2025-12-15 already exists
2025-12-15 20:51:56,307 - INFO - Processing TTF (386/457)
2025-12-15 20:51:56,341 - INFO - Skipping TTF - data for 2025-12-15 already exists
2025-12-15 20:51:56,341 - INFO - Processing TTH (387/457)
2025-12-15 20:51:56,375 - INFO - Skipping TTH - data for 2025-12-15 already exists
2025-12-15 20:51:56,375 - INFO - Processing TTN (388/457)
2025-12-15 20:51:56,409 - INFO - Skipping TTN - data for 2025-12-15 already exists
2025-12-15 20:51:56,409 - INFO - Processing TV1 (389/457)
2025-12-15 20:51:56,443 - INFO - Skipping TV1 - data for 2025-12-15 already exists
2025-12-15 20:51:56,443 - INFO - Processing TV2 (390/457)
2025-12-15 20:51:56,477 - INFO - Skipping TV2 - data for 2025-12-15 already exists
2025-12-15 20:51:56,477 - INFO - Processing TVB (391/457)
2025-12-15 20:51:56,511 - INFO - Skipping TVB - data for 2025-12-15 already exists
2025-12-15 20:51:56,511 - INFO - Processing TVC (392/457)
2025-12-15 20:51:56,545 - INFO - Skipping TVC - data for 2025-12-15 already exists
2025-12-15 20:51:56,545 - INFO - Processing TVN (393/457)
2025-12-15 20:51:56,579 - INFO - Skipping TVN - data for 2025-12-15 already exists
2025-12-15 20:51:56,579 - INFO - Processing TVS (394/457)
2025-12-15 20:51:56,614 - INFO - Skipping TVS - data for 2025-12-15 already exists
2025-12-15 20:51:56,614 - INFO - Processing VBB (395/457)
2025-12-15 20:51:56,649 - INFO - Skipping VBB - data for 2025-12-15 already exists
2025-12-15 20:51:56,649 - INFO - Processing VC2 (396/457)
2025-12-15 20:51:56,684 - INFO - Skipping VC2 - data for 2025-12-15 already exists
2025-12-15 20:51:56,684 - INFO - Processing VC3 (397/457)
2025-12-15 20:51:56,719 - INFO - Skipping VC3 - data for 2025-12-15 already exists
2025-12-15 20:51:56,719 - INFO - Processing VC7 (398/457)
2025-12-15 20:51:56,753 - INFO - Skipping VC7 - data for 2025-12-15 already exists
2025-12-15 20:51:56,753 - INFO - Processing VCB (399/457)
2025-12-15 20:51:56,786 - INFO - Skipping VCB - data for 2025-12-15 already exists
2025-12-15 20:51:56,786 - INFO - Processing VCG (400/457)
2025-12-15 20:51:56,821 - INFO - Skipping VCG - data for 2025-12-15 already exists
2025-12-15 20:51:56,821 - INFO - Processing VCI (401/457)
2025-12-15 20:51:56,855 - INFO - Skipping VCI - data for 2025-12-15 already exists
2025-12-15 20:51:56,855 - INFO - Processing VCP (402/457)
2025-12-15 20:51:56,889 - INFO - Skipping VCP - data for 2025-12-15 already exists
2025-12-15 20:51:56,889 - INFO - Processing VCR (403/457)
2025-12-15 20:51:56,923 - INFO - Skipping VCR - data for 2025-12-15 already exists
2025-12-15 20:51:56,923 - INFO - Processing VCS (404/457)
2025-12-15 20:51:56,957 - INFO - Skipping VCS - data for 2025-12-15 already exists
2025-12-15 20:51:56,957 - INFO - Processing VDP (405/457)
2025-12-15 20:51:56,992 - INFO - Skipping VDP - data for 2025-12-15 already exists
2025-12-15 20:51:56,992 - INFO - Processing VDS (406/457)
2025-12-15 20:51:57,025 - INFO - Skipping VDS - data for 2025-12-15 already exists
2025-12-15 20:51:57,025 - INFO - Processing VE9 (407/457)
2025-12-15 20:51:57,059 - INFO - Skipping VE9 - data for 2025-12-15 already exists
2025-12-15 20:51:57,059 - INFO - Processing VEA (408/457)
2025-12-15 20:51:57,093 - INFO - Skipping VEA - data for 2025-12-15 already exists
2025-12-15 20:51:57,093 - INFO - Processing VEF (409/457)
2025-12-15 20:51:57,127 - INFO - Skipping VEF - data for 2025-12-15 already exists
2025-12-15 20:51:57,127 - INFO - Processing VFG (410/457)
2025-12-15 20:51:57,161 - INFO - Skipping VFG - data for 2025-12-15 already exists
2025-12-15 20:51:57,161 - INFO - Processing VFS (411/457)
2025-12-15 20:51:57,195 - INFO - Skipping VFS - data for 2025-12-15 already exists
2025-12-15 20:51:57,195 - INFO - Processing VGC (412/457)
2025-12-15 20:51:57,229 - INFO - Skipping VGC - data for 2025-12-15 already exists
2025-12-15 20:51:57,229 - INFO - Processing VGI (413/457)
2025-12-15 20:51:57,263 - INFO - Skipping VGI - data for 2025-12-15 already exists
2025-12-15 20:51:57,263 - INFO - Processing VGR (414/457)
2025-12-15 20:51:57,297 - INFO - Skipping VGR - data for 2025-12-15 already exists
2025-12-15 20:51:57,297 - INFO - Processing VGS (415/457)
2025-12-15 20:51:57,332 - INFO - Skipping VGS - data for 2025-12-15 already exists
2025-12-15 20:51:57,332 - INFO - Processing VGT (416/457)
2025-12-15 20:51:57,366 - INFO - Skipping VGT - data for 2025-12-15 already exists
2025-12-15 20:51:57,366 - INFO - Processing VHC (417/457)
2025-12-15 20:51:57,400 - INFO - Skipping VHC - data for 2025-12-15 already exists
2025-12-15 20:51:57,400 - INFO - Processing VHE (418/457)
2025-12-15 20:51:57,435 - INFO - Skipping VHE - data for 2025-12-15 already exists
2025-12-15 20:51:57,435 - INFO - Processing VHG (419/457)
2025-12-15 20:51:57,469 - INFO - Skipping VHG - data for 2025-12-15 already exists
2025-12-15 20:51:57,469 - INFO - Processing VHM (420/457)
2025-12-15 20:51:57,502 - INFO - Skipping VHM - data for 2025-12-15 already exists
2025-12-15 20:51:57,502 - INFO - Processing VIB (421/457)
2025-12-15 20:51:57,537 - INFO - Skipping VIB - data for 2025-12-15 already exists
2025-12-15 20:51:57,537 - INFO - Processing VIC (422/457)
2025-12-15 20:51:57,571 - INFO - Skipping VIC - data for 2025-12-15 already exists
2025-12-15 20:51:57,571 - INFO - Processing VIG (423/457)
2025-12-15 20:51:57,605 - INFO - Skipping VIG - data for 2025-12-15 already exists
2025-12-15 20:51:57,605 - INFO - Processing VIP (424/457)
2025-12-15 20:51:57,639 - INFO - Skipping VIP - data for 2025-12-15 already exists
2025-12-15 20:51:57,639 - INFO - Processing VIX (425/457)
2025-12-15 20:51:57,673 - INFO - Skipping VIX - data for 2025-12-15 already exists
2025-12-15 20:51:57,673 - INFO - Processing VJC (426/457)
2025-12-15 20:51:57,708 - INFO - Skipping VJC - data for 2025-12-15 already exists
2025-12-15 20:51:57,708 - INFO - Processing VLB (427/457)
2025-12-15 20:51:57,742 - INFO - Skipping VLB - data for 2025-12-15 already exists
2025-12-15 20:51:57,742 - INFO - Processing VLC (428/457)
2025-12-15 20:51:57,776 - INFO - Skipping VLC - data for 2025-12-15 already exists
2025-12-15 20:51:57,776 - INFO - Processing VMS (429/457)
2025-12-15 20:51:57,810 - INFO - Skipping VMS - data for 2025-12-15 already exists
2025-12-15 20:51:57,810 - INFO - Processing VNB (430/457)
2025-12-15 20:51:57,844 - INFO - Skipping VNB - data for 2025-12-15 already exists
2025-12-15 20:51:57,844 - INFO - Processing VND (431/457)
2025-12-15 20:51:57,878 - INFO - Skipping VND - data for 2025-12-15 already exists
2025-12-15 20:51:57,878 - INFO - Processing VNE (432/457)
2025-12-15 20:51:57,913 - INFO - Skipping VNE - data for 2025-12-15 already exists
2025-12-15 20:51:57,913 - INFO - Processing VNM (433/457)
2025-12-15 20:51:57,947 - INFO - Skipping VNM - data for 2025-12-15 already exists
2025-12-15 20:51:57,947 - INFO - Processing VNS (434/457)
2025-12-15 20:51:57,981 - INFO - Skipping VNS - data for 2025-12-15 already exists
2025-12-15 20:51:57,981 - INFO - Processing VNZ (435/457)
2025-12-15 20:51:58,015 - INFO - Skipping VNZ - data for 2025-12-15 already exists
2025-12-15 20:51:58,015 - INFO - Processing VOC (436/457)
2025-12-15 20:51:58,050 - INFO - Skipping VOC - data for 2025-12-15 already exists
2025-12-15 20:51:58,050 - INFO - Processing VOS (437/457)
2025-12-15 20:51:58,084 - INFO - Skipping VOS - data for 2025-12-15 already exists
2025-12-15 20:51:58,084 - INFO - Processing VPB (438/457)
2025-12-15 20:51:58,118 - INFO - Skipping VPB - data for 2025-12-15 already exists
2025-12-15 20:51:58,118 - INFO - Processing VPG (439/457)
2025-12-15 20:51:58,152 - INFO - Skipping VPG - data for 2025-12-15 already exists
2025-12-15 20:51:58,152 - INFO - Processing VPH (440/457)
2025-12-15 20:51:58,186 - INFO - Skipping VPH - data for 2025-12-15 already exists
2025-12-15 20:51:58,186 - INFO - Processing VPI (441/457)
2025-12-15 20:51:58,220 - INFO - Skipping VPI - data for 2025-12-15 already exists
2025-12-15 20:51:58,220 - INFO - Processing VPL (442/457)
2025-12-15 20:51:58,254 - INFO - Skipping VPL - data for 2025-12-15 already exists
2025-12-15 20:51:58,254 - INFO - Processing VRC (443/457)
2025-12-15 20:51:58,288 - INFO - Skipping VRC - data for 2025-12-15 already exists
2025-12-15 20:51:58,288 - INFO - Processing VRE (444/457)
2025-12-15 20:51:58,322 - INFO - Skipping VRE - data for 2025-12-15 already exists
2025-12-15 20:51:58,322 - INFO - Processing VRG (445/457)
2025-12-15 20:51:58,356 - INFO - Skipping VRG - data for 2025-12-15 already exists
2025-12-15 20:51:58,356 - INFO - Processing VSC (446/457)
2025-12-15 20:51:58,390 - INFO - Skipping VSC - data for 2025-12-15 already exists
2025-12-15 20:51:58,390 - INFO - Processing VSI (447/457)
2025-12-15 20:51:58,424 - INFO - Skipping VSI - data for 2025-12-15 already exists
2025-12-15 20:51:58,424 - INFO - Processing VTD (448/457)
2025-12-15 20:51:58,458 - INFO - Skipping VTD - data for 2025-12-15 already exists
2025-12-15 20:51:58,459 - INFO - Processing VTO (449/457)
2025-12-15 20:51:58,493 - INFO - Skipping VTO - data for 2025-12-15 already exists
2025-12-15 20:51:58,493 - INFO - Processing VTP (450/457)
2025-12-15 20:51:58,528 - INFO - Skipping VTP - data for 2025-12-15 already exists
2025-12-15 20:51:58,528 - INFO - Processing VTR (451/457)
2025-12-15 20:51:58,561 - INFO - Skipping VTR - data for 2025-12-15 already exists
2025-12-15 20:51:58,561 - INFO - Processing VTZ (452/457)
2025-12-15 20:51:58,596 - INFO - Skipping VTZ - data for 2025-12-15 already exists
2025-12-15 20:51:58,596 - INFO - Processing VUA (453/457)
2025-12-15 20:51:58,630 - INFO - Skipping VUA - data for 2025-12-15 already exists
2025-12-15 20:51:58,630 - INFO - Processing VVS (454/457)
2025-12-15 20:51:58,664 - INFO - Skipping VVS - data for 2025-12-15 already exists
2025-12-15 20:51:58,664 - INFO - Processing WSS (455/457)
2025-12-15 20:51:58,698 - INFO - Skipping WSS - data for 2025-12-15 already exists
2025-12-15 20:51:58,698 - INFO - Processing YEG (456/457)
2025-12-15 20:51:58,732 - INFO - Skipping YEG - data for 2025-12-15 already exists
2025-12-15 20:51:58,732 - INFO - Processing YTC (457/457)
2025-12-15 20:51:58,766 - INFO - Skipping YTC - data for 2025-12-15 already exists
2025-12-15 20:51:58,766 - WARNING - No new data retrieved
2025-12-15 20:51:58,771 - INFO -  OHLCV update completed successfully for 2025-12-15!
