2025-12-03 16:49:34,742 - INFO - BackupLogger initialized. Log directory: /Users/buuphan/Dev/stock_dashboard/data_processor/logs/backup
2025-12-03 16:49:34,742 - INFO - Initialized CommodityPriceUpdater with 3 years of data
2025-12-03 16:49:34,773 - INFO - Loaded existing data: 13072 records
2025-12-03 16:49:34,774 - INFO - Updating gold_vn from 2025-12-03 to 2025-12-03
2025-12-03 16:49:35,939 - INFO - ✅ Authentication successful: Phan Quoc Buu
2025-12-03 16:49:35,939 - INFO - License verified via vnii: is_paid=True, tier=golden
2025-12-03 16:49:37,781 - INFO - ✅ Authentication successful: Phan Quoc Buu
2025-12-03 16:49:38,464 - INFO - Retrieved 1 records for gold_vn
2025-12-03 16:49:38,465 - INFO - Appending 1 new rows for gold_vn
2025-12-03 16:49:38,467 - INFO - Updating gold_global from 2025-12-03 to 2025-12-03
2025-12-03 16:49:38,717 - INFO - Retrieved 1 records for gold_global
2025-12-03 16:49:38,718 - INFO - Appending 1 new rows for gold_global
2025-12-03 16:49:38,720 - INFO - Updating oil_crude from 2025-12-03 to 2025-12-03
2025-12-03 16:49:38,977 - INFO - Retrieved 1 records for oil_crude
2025-12-03 16:49:38,979 - INFO - Appending 1 new rows for oil_crude
2025-12-03 16:49:38,981 - INFO - Updating gas_natural from 2025-12-03 to 2025-12-03
2025-12-03 16:49:39,240 - INFO - Retrieved 1 records for gas_natural
2025-12-03 16:49:39,241 - INFO - Appending 1 new rows for gas_natural
2025-12-03 16:49:39,242 - INFO - Updating coke from 2025-12-02 to 2025-12-03
2025-12-03 16:49:39,653 - INFO - Retrieved 1 records for coke
2025-12-03 16:49:39,654 - INFO - Appending 1 new rows for coke
2025-12-03 16:49:39,656 - INFO - Updating steel_d10 from 2025-12-03 to 2025-12-03
2025-12-03 16:49:39,890 - INFO - Retrieved 1 records for steel_d10
2025-12-03 16:49:39,892 - INFO - Appending 1 new rows for steel_d10
2025-12-03 16:49:39,894 - INFO - Updating steel_hrc from 2025-12-02 to 2025-12-03
2025-12-03 16:49:40,250 - INFO - Retrieved 1 records for steel_hrc
2025-12-03 16:49:40,252 - INFO - Appending 1 new rows for steel_hrc
2025-12-03 16:49:40,254 - INFO - Updating iron_ore from 2025-12-02 to 2025-12-03
2025-12-03 16:49:40,568 - INFO - Retrieved 1 records for iron_ore
2025-12-03 16:49:40,569 - INFO - Appending 1 new rows for iron_ore
2025-12-03 16:49:40,571 - INFO - Updating fertilizer_ure from 2025-12-02 to 2025-12-03
2025-12-03 16:49:40,906 - INFO - Retrieved 1 records for fertilizer_ure
2025-12-03 16:49:40,907 - INFO - Appending 1 new rows for fertilizer_ure
2025-12-03 16:49:40,909 - INFO - Updating soybean from 2025-12-03 to 2025-12-03
2025-12-03 16:49:41,290 - INFO - Retrieved 1 records for soybean
2025-12-03 16:49:41,291 - INFO - Appending 1 new rows for soybean
2025-12-03 16:49:41,294 - INFO - Updating corn from 2025-12-03 to 2025-12-03
2025-12-03 16:49:41,553 - INFO - Retrieved 1 records for corn
2025-12-03 16:49:41,554 - INFO - Appending 1 new rows for corn
2025-12-03 16:49:41,556 - INFO - Updating sugar from 2025-12-02 to 2025-12-03
2025-12-03 16:49:41,804 - INFO - Retrieved 2 records for sugar
2025-12-03 16:49:41,805 - INFO - Appending 2 new rows for sugar
2025-12-03 16:49:41,807 - INFO - Updating pork_north_vn from 2025-12-02 to 2025-12-03
2025-12-03 16:49:42,078 - WARNING - No data found for pork_north_vn
2025-12-03 16:49:42,078 - WARNING - No data returned for pork_north_vn
2025-12-03 16:49:42,080 - INFO - Updating pork_china from 2025-11-19 to 2025-12-03
2025-12-03 16:49:42,376 - WARNING - No data found for pork_china
2025-12-03 16:49:42,376 - WARNING - No data returned for pork_china
2025-12-03 16:49:42,379 - INFO - Updating steel_coated from 2025-12-02 to 2025-12-03
2025-12-03 16:49:42,380 - WARNING - Method steel_coated not found in CommodityPrice
2025-12-03 16:49:42,380 - WARNING - No data returned for steel_coated
2025-12-03 16:49:42,382 - INFO - Updating pvc_china from 2025-12-01 to 2025-12-03
2025-12-03 16:49:42,382 - WARNING - Method pvc_china not found in CommodityPrice
2025-12-03 16:49:42,382 - WARNING - No data returned for pvc_china
2025-12-03 16:49:42,389 - INFO - Appended 13 new rows from vnstock_data.
2025-12-03 16:49:42,389 - INFO - Running supplementary updates from external commodity APIs...
2025-12-03 16:49:42,391 - INFO - Latest existing pork_north_vn data: 2025-12-01
2025-12-03 16:49:42,391 - INFO - Fetching pork data from wichart.vn API...
2025-12-03 16:49:42,483 - INFO - Retrieved 506 records from wichart.vn API
2025-12-03 16:49:42,484 - INFO - Date range: 2023-12-03 to 2025-12-02
2025-12-03 16:49:42,485 - INFO - Found 1 new records from wichart.vn API
2025-12-03 16:49:42,485 - INFO - New date range: 2025-12-02 to 2025-12-02
2025-12-03 16:49:42,488 - INFO - Supplemented pork data: 13085 -> 13086 records
2025-12-03 16:49:42,489 - INFO - Latest existing fertilizer_ure_vn data: 2025-11-24
2025-12-03 16:49:42,489 - INFO - Total existing records: 607
2025-12-03 16:49:42,489 - INFO - Fetching fertilizer_ure data from wichart.vn API...
2025-12-03 16:49:42,684 - INFO - Retrieved 599 records from wichart.vn API (Phú Mỹ - DPM)
2025-12-03 16:49:42,684 - INFO - Date range: 2023-12-02 to 2025-11-25
2025-12-03 16:49:42,686 - INFO - Found 1 new/missing records from wichart.vn API
2025-12-03 16:49:42,686 - INFO - New date range: 2025-11-25 to 2025-11-25
2025-12-03 16:49:42,689 - INFO - Supplemented fertilizer_ure_vn data: 13086 -> 13087 records
2025-12-03 16:49:42,690 - INFO - Latest existing steel_coated data: 2025-12-01
2025-12-03 16:49:42,690 - INFO - Total existing records: 518
2025-12-03 16:49:42,690 - INFO - Fetching steel_coated data from wichart.vn API...
2025-12-03 16:49:42,851 - INFO - Retrieved 513 records from wichart.vn API
2025-12-03 16:49:42,851 - INFO - Date range: 2023-12-03 to 2025-12-02
2025-12-03 16:49:42,853 - INFO - Found 1 new/missing records from wichart.vn API
2025-12-03 16:49:42,853 - INFO - New date range: 2025-12-02 to 2025-12-02
2025-12-03 16:49:42,855 - INFO - Supplemented steel_coated data: 13087 -> 13088 records
2025-12-03 16:49:42,856 - INFO - Latest existing pvc_china data: 2025-11-30
2025-12-03 16:49:42,856 - INFO - Total existing records: 510
2025-12-03 16:49:42,856 - INFO - Fetching pvc_china data from wichart.vn API...
2025-12-03 16:49:42,950 - INFO - Retrieved 504 records from wichart.vn API
2025-12-03 16:49:42,950 - INFO - Date range: 2023-12-03 to 2025-11-30
2025-12-03 16:49:42,951 - INFO - No new data from wichart.vn API (all data already exists)
2025-12-03 16:49:42,951 - INFO - Fetching WMP data from simplize.vn API...
2025-12-03 16:49:43,468 - INFO - Retrieved 434 WMP records from simplize.vn API
2025-12-03 16:49:43,469 - INFO - WMP date range: 2010-09-30 to 2025-12-02
2025-12-03 16:49:43,471 - INFO - Replacing milk_wmp data with 434 records (range 2010-09-30 -> 2025-12-02)
2025-12-03 16:49:43,481 - INFO - Creating backup of existing file: commodity_prices.parquet
2025-12-03 16:49:43,483 - INFO -   🗑️  Deleted old backup: commodity_prices_backup_20251202_103009.parquet
2025-12-03 16:49:43,483 - INFO -   ✅ Cleaned up 1 old backups (0.28 MB freed)
2025-12-03 16:49:43,488 - INFO - ✅ Backup created: commodity_prices_backup_20251203_164943.parquet (0.28 MB)
2025-12-03 16:49:43,499 - INFO - Saved 13088 records to /Users/buuphan/Dev/stock_dashboard/calculated_results/commodity/commodity_prices.parquet
2025-12-03 16:49:43,499 - INFO - ✅ Daily commodity update completed. Added 13 new rows from vnstock_data (API supplements may add more).
2025-12-04 09:52:16,958 - INFO - BackupLogger initialized. Log directory: /Users/buuphan/Dev/stock_dashboard/data_processor/logs/backup
2025-12-04 09:52:16,958 - INFO - Initialized CommodityPriceUpdater with 3 years of data
2025-12-04 09:52:16,988 - INFO - Loaded existing data: 13088 records
2025-12-04 09:52:16,989 - INFO - Updating gold_vn from 2025-12-04 to 2025-12-04
2025-12-04 09:52:18,465 - INFO - ✅ Authentication successful: Phan Quoc Buu
2025-12-04 09:52:18,466 - INFO - License verified via vnii: is_paid=True, tier=golden
2025-12-04 09:52:21,486 - INFO - ✅ Authentication successful: Phan Quoc Buu
2025-12-04 09:52:22,031 - INFO - Retrieved 1 records for gold_vn
2025-12-04 09:52:22,032 - INFO - Appending 1 new rows for gold_vn
2025-12-04 09:52:22,033 - INFO - Updating gold_global from 2025-12-04 to 2025-12-04
2025-12-04 09:52:22,238 - INFO - Retrieved 1 records for gold_global
2025-12-04 09:52:22,239 - INFO - Appending 1 new rows for gold_global
2025-12-04 09:52:22,241 - INFO - Updating oil_crude from 2025-12-04 to 2025-12-04
2025-12-04 09:52:22,441 - INFO - Retrieved 1 records for oil_crude
2025-12-04 09:52:22,442 - INFO - Appending 1 new rows for oil_crude
2025-12-04 09:52:22,444 - INFO - Updating gas_natural from 2025-12-04 to 2025-12-04
2025-12-04 09:52:22,728 - INFO - Retrieved 1 records for gas_natural
2025-12-04 09:52:22,729 - INFO - Appending 1 new rows for gas_natural
2025-12-04 09:52:22,731 - INFO - Updating coke from 2025-12-03 to 2025-12-04
2025-12-04 09:52:23,037 - INFO - Retrieved 1 records for coke
2025-12-04 09:52:23,038 - INFO - Appending 1 new rows for coke
2025-12-04 09:52:23,040 - INFO - Updating steel_d10 from 2025-12-04 to 2025-12-04
2025-12-04 09:52:23,295 - INFO - Retrieved 1 records for steel_d10
2025-12-04 09:52:23,296 - INFO - Appending 1 new rows for steel_d10
2025-12-04 09:52:23,298 - INFO - Updating steel_hrc from 2025-12-03 to 2025-12-04
2025-12-04 09:52:23,542 - INFO - Retrieved 1 records for steel_hrc
2025-12-04 09:52:23,543 - INFO - Appending 1 new rows for steel_hrc
2025-12-04 09:52:23,544 - INFO - Updating iron_ore from 2025-12-03 to 2025-12-04
2025-12-04 09:52:23,759 - INFO - Retrieved 1 records for iron_ore
2025-12-04 09:52:23,760 - INFO - Appending 1 new rows for iron_ore
2025-12-04 09:52:23,762 - INFO - Updating fertilizer_ure from 2025-12-03 to 2025-12-04
2025-12-04 09:52:23,958 - INFO - Retrieved 1 records for fertilizer_ure
2025-12-04 09:52:23,959 - INFO - Appending 1 new rows for fertilizer_ure
2025-12-04 09:52:23,961 - INFO - Updating soybean from 2025-12-04 to 2025-12-04
2025-12-04 09:52:24,160 - INFO - Retrieved 1 records for soybean
2025-12-04 09:52:24,161 - INFO - Appending 1 new rows for soybean
2025-12-04 09:52:24,163 - INFO - Updating corn from 2025-12-04 to 2025-12-04
2025-12-04 09:52:24,349 - INFO - Retrieved 1 records for corn
2025-12-04 09:52:24,350 - INFO - Appending 1 new rows for corn
2025-12-04 09:52:24,353 - INFO - Updating sugar from 2025-12-04 to 2025-12-04
2025-12-04 09:52:24,578 - WARNING - No data found for sugar
2025-12-04 09:52:24,579 - WARNING - No data returned for sugar
2025-12-04 09:52:24,580 - INFO - Updating pork_north_vn from 2025-12-03 to 2025-12-04
2025-12-04 09:52:24,785 - WARNING - No data found for pork_north_vn
2025-12-04 09:52:24,785 - WARNING - No data returned for pork_north_vn
2025-12-04 09:52:24,786 - INFO - Updating pork_china from 2025-11-19 to 2025-12-04
2025-12-04 09:52:25,112 - WARNING - No data found for pork_china
2025-12-04 09:52:25,112 - WARNING - No data returned for pork_china
2025-12-04 09:52:25,115 - INFO - Updating steel_coated from 2025-12-03 to 2025-12-04
2025-12-04 09:52:25,116 - WARNING - Method steel_coated not found in CommodityPrice
2025-12-04 09:52:25,116 - WARNING - No data returned for steel_coated
2025-12-04 09:52:25,118 - INFO - Updating pvc_china from 2025-12-01 to 2025-12-04
2025-12-04 09:52:25,119 - WARNING - Method pvc_china not found in CommodityPrice
2025-12-04 09:52:25,119 - WARNING - No data returned for pvc_china
2025-12-04 09:52:25,125 - INFO - Appended 11 new rows from vnstock_data.
2025-12-04 09:52:25,126 - INFO - Running supplementary updates from external commodity APIs...
2025-12-04 09:52:25,127 - INFO - Latest existing pork_north_vn data: 2025-12-02
2025-12-04 09:52:25,127 - INFO - Fetching pork data from wichart.vn API...
2025-12-04 09:52:25,217 - INFO - Retrieved 507 records from wichart.vn API
2025-12-04 09:52:25,217 - INFO - Date range: 2023-12-03 to 2025-12-03
2025-12-04 09:52:25,219 - INFO - Found 1 new records from wichart.vn API
2025-12-04 09:52:25,219 - INFO - New date range: 2025-12-03 to 2025-12-03
2025-12-04 09:52:25,221 - INFO - Supplemented pork data: 13099 -> 13100 records
2025-12-04 09:52:25,221 - INFO - Latest existing fertilizer_ure_vn data: 2025-11-25
2025-12-04 09:52:25,221 - INFO - Total existing records: 608
2025-12-04 09:52:25,221 - INFO - Fetching fertilizer_ure data from wichart.vn API...
2025-12-04 09:52:25,318 - INFO - Retrieved 599 records from wichart.vn API (Phú Mỹ - DPM)
2025-12-04 09:52:25,319 - INFO - Date range: 2023-12-03 to 2025-11-26
2025-12-04 09:52:25,321 - INFO - Found 1 new/missing records from wichart.vn API
2025-12-04 09:52:25,321 - INFO - New date range: 2025-11-26 to 2025-11-26
2025-12-04 09:52:25,323 - INFO - Supplemented fertilizer_ure_vn data: 13100 -> 13101 records
2025-12-04 09:52:25,324 - INFO - Latest existing steel_coated data: 2025-12-02
2025-12-04 09:52:25,328 - INFO - Total existing records: 519
2025-12-04 09:52:25,328 - INFO - Fetching steel_coated data from wichart.vn API...
2025-12-04 09:52:25,399 - INFO - Retrieved 514 records from wichart.vn API
2025-12-04 09:52:25,400 - INFO - Date range: 2023-12-03 to 2025-12-03
2025-12-04 09:52:25,401 - INFO - Found 1 new/missing records from wichart.vn API
2025-12-04 09:52:25,401 - INFO - New date range: 2025-12-03 to 2025-12-03
2025-12-04 09:52:25,402 - INFO - Supplemented steel_coated data: 13101 -> 13102 records
2025-12-04 09:52:25,403 - INFO - Latest existing pvc_china data: 2025-11-30
2025-12-04 09:52:25,403 - INFO - Total existing records: 510
2025-12-04 09:52:25,403 - INFO - Fetching pvc_china data from wichart.vn API...
2025-12-04 09:52:25,498 - INFO - Retrieved 506 records from wichart.vn API
2025-12-04 09:52:25,498 - INFO - Date range: 2023-12-03 to 2025-12-02
2025-12-04 09:52:25,499 - INFO - Found 2 new/missing records from wichart.vn API
2025-12-04 09:52:25,499 - INFO - New date range: 2025-12-01 to 2025-12-02
2025-12-04 09:52:25,501 - INFO - Supplemented pvc_china data: 13102 -> 13104 records
2025-12-04 09:52:25,501 - INFO - Fetching WMP data from simplize.vn API...
2025-12-04 09:52:26,176 - INFO - Retrieved 434 WMP records from simplize.vn API
2025-12-04 09:52:26,177 - INFO - WMP date range: 2010-09-30 to 2025-12-03
2025-12-04 09:52:26,178 - INFO - Replacing milk_wmp data with 434 records (range 2010-09-30 -> 2025-12-03)
2025-12-04 09:52:26,189 - INFO - Creating backup of existing file: commodity_prices.parquet
2025-12-04 09:52:26,194 - INFO -   🗑️  Deleted old backup: commodity_prices_backup_20251202_153734.parquet
2025-12-04 09:52:26,194 - INFO -   ✅ Cleaned up 1 old backups (0.28 MB freed)
2025-12-04 09:52:26,195 - INFO - ✅ Backup created: commodity_prices_backup_20251204_095226.parquet (0.28 MB)
2025-12-04 09:52:26,206 - INFO - Saved 13104 records to /Users/buuphan/Dev/stock_dashboard/calculated_results/commodity/commodity_prices.parquet
2025-12-04 09:52:26,206 - INFO - ✅ Daily commodity update completed. Added 11 new rows from vnstock_data (API supplements may add more).
2025-12-04 10:12:05,299 - INFO - BackupLogger initialized. Log directory: /Users/buuphan/Dev/stock_dashboard/data_processor/logs/backup
2025-12-04 10:12:05,299 - INFO - Initialized CommodityPriceUpdater with 3 years of data
2025-12-04 10:12:05,334 - INFO - Loaded existing data: 13104 records
2025-12-04 10:18:08,831 - INFO - BackupLogger initialized. Log directory: /Users/buuphan/Dev/stock_dashboard/data_processor/logs/backup
2025-12-04 10:18:08,831 - INFO - Initialized CommodityPriceUpdater with 3 years of data
2025-12-04 10:18:08,863 - INFO - Loaded existing data: 13104 records
2025-12-04 10:18:08,865 - INFO - gold_vn already up-to-date (latest: 2025-12-04)
2025-12-04 10:18:08,866 - INFO - gold_global already up-to-date (latest: 2025-12-04)
2025-12-04 10:18:08,866 - INFO - oil_crude already up-to-date (latest: 2025-12-04)
2025-12-04 10:18:08,867 - INFO - gas_natural already up-to-date (latest: 2025-12-04)
2025-12-04 10:18:08,868 - INFO - Updating coke from 2025-12-04 to 2025-12-04
2025-12-04 10:18:10,181 - INFO - ✅ Authentication successful: Phan Quoc Buu
2025-12-04 10:18:10,182 - INFO - License verified via vnii: is_paid=True, tier=golden
2025-12-04 10:18:12,323 - INFO - ✅ Authentication successful: Phan Quoc Buu
2025-12-04 10:18:12,830 - WARNING - No data found for coke
2025-12-04 10:18:12,830 - WARNING - No data returned for coke
2025-12-04 10:18:12,833 - INFO - steel_d10 already up-to-date (latest: 2025-12-04)
2025-12-04 10:18:12,834 - INFO - Updating steel_hrc from 2025-12-04 to 2025-12-04
2025-12-04 10:18:13,076 - WARNING - No data found for steel_hrc
2025-12-04 10:18:13,076 - WARNING - No data returned for steel_hrc
2025-12-04 10:18:13,078 - INFO - Updating iron_ore from 2025-12-04 to 2025-12-04
2025-12-04 10:18:13,344 - WARNING - No data found for iron_ore
2025-12-04 10:18:13,344 - WARNING - No data returned for iron_ore
2025-12-04 10:18:13,346 - INFO - Updating fertilizer_ure from 2025-12-04 to 2025-12-04
2025-12-04 10:18:13,684 - WARNING - No data found for fertilizer_ure
2025-12-04 10:18:13,685 - WARNING - No data returned for fertilizer_ure
2025-12-04 10:18:13,688 - INFO - soybean already up-to-date (latest: 2025-12-04)
2025-12-04 10:18:13,691 - INFO - corn already up-to-date (latest: 2025-12-04)
2025-12-04 10:18:13,692 - INFO - Updating sugar from 2025-12-04 to 2025-12-04
2025-12-04 10:18:13,938 - WARNING - No data found for sugar
2025-12-04 10:18:13,938 - WARNING - No data returned for sugar
2025-12-04 10:18:13,940 - INFO - Updating pork_north_vn from 2025-12-04 to 2025-12-04
2025-12-04 10:18:14,178 - WARNING - No data found for pork_north_vn
2025-12-04 10:18:14,178 - WARNING - No data returned for pork_north_vn
2025-12-04 10:18:14,180 - INFO - Updating pork_china from 2025-11-19 to 2025-12-04
2025-12-04 10:18:14,442 - WARNING - No data found for pork_china
2025-12-04 10:18:14,442 - WARNING - No data returned for pork_china
2025-12-04 10:18:14,443 - INFO - Updating steel_coated from 2025-12-04 to 2025-12-04
2025-12-04 10:18:14,444 - WARNING - Method steel_coated not found in CommodityPrice
2025-12-04 10:18:14,444 - WARNING - No data returned for steel_coated
2025-12-04 10:18:14,445 - INFO - Updating pvc_china from 2025-12-03 to 2025-12-04
2025-12-04 10:18:14,446 - WARNING - Method pvc_china not found in CommodityPrice
2025-12-04 10:18:14,446 - WARNING - No data returned for pvc_china
2025-12-04 10:18:14,446 - INFO - No new rows from vnstock_data. Proceeding to API supplements.
2025-12-04 10:18:14,447 - INFO - Running supplementary updates from external commodity APIs...
2025-12-04 10:18:14,448 - INFO - Latest existing pork_north_vn data: 2025-12-03
2025-12-04 10:18:14,448 - INFO - Fetching pork data from wichart.vn API...
2025-12-04 10:18:14,667 - INFO - Retrieved 507 records from wichart.vn API
2025-12-04 10:18:14,668 - INFO - Date range: 2023-12-03 to 2025-12-03
2025-12-04 10:18:14,669 - INFO - No new data from wichart.vn API (all data already exists)
2025-12-04 10:18:14,670 - INFO - Latest existing fertilizer_ure_vn data: 2025-11-26
2025-12-04 10:18:14,670 - INFO - Total existing records: 609
2025-12-04 10:18:14,670 - INFO - Fetching fertilizer_ure data from wichart.vn API...
2025-12-04 10:18:14,799 - INFO - Retrieved 599 records from wichart.vn API (Phú Mỹ - DPM)
2025-12-04 10:18:14,800 - INFO - Date range: 2023-12-03 to 2025-11-26
2025-12-04 10:18:14,801 - INFO - No new data from wichart.vn API (all data already exists)
2025-12-04 10:18:14,802 - INFO - Latest existing steel_coated data: 2025-12-03
2025-12-04 10:18:14,802 - INFO - Total existing records: 520
2025-12-04 10:18:14,802 - INFO - Fetching steel_coated data from wichart.vn API...
2025-12-04 10:18:14,891 - INFO - Retrieved 514 records from wichart.vn API
2025-12-04 10:18:14,891 - INFO - Date range: 2023-12-03 to 2025-12-03
2025-12-04 10:18:14,892 - INFO - No new data from wichart.vn API (all data already exists)
2025-12-04 10:18:14,893 - INFO - Latest existing pvc_china data: 2025-12-02
2025-12-04 10:18:14,893 - INFO - Total existing records: 512
2025-12-04 10:18:14,893 - INFO - Fetching pvc_china data from wichart.vn API...
2025-12-04 10:18:14,993 - INFO - Retrieved 506 records from wichart.vn API
2025-12-04 10:18:14,993 - INFO - Date range: 2023-12-03 to 2025-12-02
2025-12-04 10:18:14,994 - INFO - No new data from wichart.vn API (all data already exists)
2025-12-04 10:18:14,994 - INFO - Fetching WMP data from simplize.vn API...
2025-12-04 10:18:15,588 - INFO - Retrieved 434 WMP records from simplize.vn API
2025-12-04 10:18:15,589 - INFO - WMP date range: 2010-09-30 to 2025-12-03
2025-12-04 10:18:15,591 - INFO - Replacing milk_wmp data with 434 records (range 2010-09-30 -> 2025-12-03)
2025-12-04 10:18:15,602 - INFO - Creating backup of existing file: commodity_prices.parquet
2025-12-04 10:18:15,603 - INFO -   🗑️  Deleted old backup: commodity_prices_backup_20251203_164943.parquet
2025-12-04 10:18:15,603 - INFO -   ✅ Cleaned up 1 old backups (0.28 MB freed)
2025-12-04 10:18:15,604 - INFO - ✅ Backup created: commodity_prices_backup_20251204_101815.parquet (0.28 MB)
2025-12-04 10:18:15,615 - INFO - Saved 13104 records to /Users/buuphan/Dev/stock_dashboard/calculated_results/commodity/commodity_prices.parquet
2025-12-04 10:18:15,615 - INFO - ✅ Daily commodity update completed. Added 0 new rows from vnstock_data (API supplements may add more).
2025-12-05 11:01:53,942 - INFO - BackupLogger initialized. Log directory: /Users/buuphan/Dev/stock_dashboard/data_processor/logs/backup
2025-12-05 11:01:53,942 - INFO - Initialized CommodityPriceUpdater with 3 years of data
2025-12-05 11:01:53,970 - INFO - Loaded existing data: 13104 records
2025-12-05 11:01:53,972 - INFO - Updating gold_vn from 2025-12-05 to 2025-12-05
2025-12-05 11:01:56,165 - INFO - ✅ Authentication successful: Phan Quoc Buu
2025-12-05 11:01:56,165 - INFO - License verified via vnii: is_paid=True, tier=golden
2025-12-05 11:01:58,540 - INFO - ✅ Authentication successful: Phan Quoc Buu
2025-12-05 11:01:59,016 - INFO - Retrieved 1 records for gold_vn
2025-12-05 11:01:59,017 - INFO - Appending 1 new rows for gold_vn
2025-12-05 11:01:59,019 - INFO - Updating gold_global from 2025-12-05 to 2025-12-05
2025-12-05 11:01:59,213 - INFO - Retrieved 1 records for gold_global
2025-12-05 11:01:59,214 - INFO - Appending 1 new rows for gold_global
2025-12-05 11:01:59,216 - INFO - Updating oil_crude from 2025-12-05 to 2025-12-05
2025-12-05 11:01:59,408 - INFO - Retrieved 1 records for oil_crude
2025-12-05 11:01:59,408 - INFO - Appending 1 new rows for oil_crude
2025-12-05 11:01:59,410 - INFO - Updating gas_natural from 2025-12-05 to 2025-12-05
2025-12-05 11:01:59,647 - INFO - Retrieved 1 records for gas_natural
2025-12-05 11:01:59,647 - INFO - Appending 1 new rows for gas_natural
2025-12-05 11:01:59,648 - INFO - Updating coke from 2025-12-04 to 2025-12-05
2025-12-05 11:01:59,868 - INFO - Retrieved 1 records for coke
2025-12-05 11:01:59,869 - INFO - Appending 1 new rows for coke
2025-12-05 11:01:59,871 - INFO - Updating steel_d10 from 2025-12-05 to 2025-12-05
2025-12-05 11:02:00,119 - INFO - Retrieved 1 records for steel_d10
2025-12-05 11:02:00,120 - INFO - Appending 1 new rows for steel_d10
2025-12-05 11:02:00,122 - INFO - Updating steel_hrc from 2025-12-04 to 2025-12-05
2025-12-05 11:02:00,318 - INFO - Retrieved 1 records for steel_hrc
2025-12-05 11:02:00,319 - INFO - Appending 1 new rows for steel_hrc
2025-12-05 11:02:00,321 - INFO - Updating iron_ore from 2025-12-04 to 2025-12-05
2025-12-05 11:02:00,516 - INFO - Retrieved 1 records for iron_ore
2025-12-05 11:02:00,517 - INFO - Appending 1 new rows for iron_ore
2025-12-05 11:02:00,520 - INFO - Updating fertilizer_ure from 2025-12-04 to 2025-12-05
2025-12-05 11:02:00,725 - INFO - Retrieved 1 records for fertilizer_ure
2025-12-05 11:02:00,726 - INFO - Appending 1 new rows for fertilizer_ure
2025-12-05 11:02:00,728 - INFO - Updating soybean from 2025-12-05 to 2025-12-05
2025-12-05 11:02:00,950 - INFO - Retrieved 1 records for soybean
2025-12-05 11:02:00,951 - INFO - Appending 1 new rows for soybean
2025-12-05 11:02:00,953 - INFO - Updating corn from 2025-12-05 to 2025-12-05
2025-12-05 11:02:01,161 - INFO - Retrieved 1 records for corn
2025-12-05 11:02:01,162 - INFO - Appending 1 new rows for corn
2025-12-05 11:02:01,164 - INFO - Updating sugar from 2025-12-04 to 2025-12-05
2025-12-05 11:02:01,358 - INFO - Retrieved 1 records for sugar
2025-12-05 11:02:01,359 - INFO - Appending 1 new rows for sugar
2025-12-05 11:02:01,361 - INFO - Updating pork_north_vn from 2025-12-04 to 2025-12-05
2025-12-05 11:02:01,555 - WARNING - No data found for pork_north_vn
2025-12-05 11:02:01,555 - WARNING - No data returned for pork_north_vn
2025-12-05 11:02:01,557 - INFO - Updating pork_china from 2025-11-19 to 2025-12-05
2025-12-05 11:02:01,749 - WARNING - No data found for pork_china
2025-12-05 11:02:01,749 - WARNING - No data returned for pork_china
2025-12-05 11:02:01,751 - INFO - Updating steel_coated from 2025-12-04 to 2025-12-05
2025-12-05 11:02:01,752 - WARNING - Method steel_coated not found in CommodityPrice
2025-12-05 11:02:01,752 - WARNING - No data returned for steel_coated
2025-12-05 11:02:01,754 - INFO - Updating pvc_china from 2025-12-03 to 2025-12-05
2025-12-05 11:02:01,754 - WARNING - Method pvc_china not found in CommodityPrice
2025-12-05 11:02:01,754 - WARNING - No data returned for pvc_china
2025-12-05 11:02:01,761 - INFO - Appended 12 new rows from vnstock_data.
2025-12-05 11:02:01,761 - INFO - Running supplementary updates from external commodity APIs...
2025-12-05 11:02:01,762 - INFO - Latest existing pork_north_vn data: 2025-12-03
2025-12-05 11:02:01,762 - INFO - Fetching pork data from wichart.vn API...
2025-12-05 11:02:01,837 - INFO - Retrieved 507 records from wichart.vn API
2025-12-05 11:02:01,837 - INFO - Date range: 2023-12-04 to 2025-12-04
2025-12-05 11:02:01,838 - INFO - Found 1 new records from wichart.vn API
2025-12-05 11:02:01,838 - INFO - New date range: 2025-12-04 to 2025-12-04
2025-12-05 11:02:01,841 - INFO - Supplemented pork data: 13116 -> 13117 records
2025-12-05 11:02:01,842 - INFO - Latest existing fertilizer_ure_vn data: 2025-11-26
2025-12-05 11:02:01,842 - INFO - Total existing records: 609
2025-12-05 11:02:01,842 - INFO - Fetching fertilizer_ure data from wichart.vn API...
2025-12-05 11:02:01,976 - INFO - Retrieved 599 records from wichart.vn API (Phú Mỹ - DPM)
2025-12-05 11:02:01,977 - INFO - Date range: 2023-12-04 to 2025-11-27
2025-12-05 11:02:01,978 - INFO - Found 1 new/missing records from wichart.vn API
2025-12-05 11:02:01,979 - INFO - New date range: 2025-11-27 to 2025-11-27
2025-12-05 11:02:01,981 - INFO - Supplemented fertilizer_ure_vn data: 13117 -> 13118 records
2025-12-05 11:02:01,983 - INFO - Latest existing steel_coated data: 2025-12-03
2025-12-05 11:02:01,983 - INFO - Total existing records: 520
2025-12-05 11:02:01,983 - INFO - Fetching steel_coated data from wichart.vn API...
2025-12-05 11:02:02,079 - INFO - Retrieved 514 records from wichart.vn API
2025-12-05 11:02:02,079 - INFO - Date range: 2023-12-04 to 2025-12-04
2025-12-05 11:02:02,080 - INFO - Found 1 new/missing records from wichart.vn API
2025-12-05 11:02:02,080 - INFO - New date range: 2025-12-04 to 2025-12-04
2025-12-05 11:02:02,083 - INFO - Supplemented steel_coated data: 13118 -> 13119 records
2025-12-05 11:02:02,083 - INFO - Latest existing pvc_china data: 2025-12-02
2025-12-05 11:02:02,083 - INFO - Total existing records: 512
2025-12-05 11:02:02,083 - INFO - Fetching pvc_china data from wichart.vn API...
2025-12-05 11:02:02,196 - INFO - Retrieved 507 records from wichart.vn API
2025-12-05 11:02:02,196 - INFO - Date range: 2023-12-04 to 2025-12-04
2025-12-05 11:02:02,198 - INFO - Found 2 new/missing records from wichart.vn API
2025-12-05 11:02:02,198 - INFO - New date range: 2025-12-03 to 2025-12-04
2025-12-05 11:02:02,200 - INFO - Supplemented pvc_china data: 13119 -> 13121 records
2025-12-05 11:02:02,200 - INFO - Fetching WMP data from simplize.vn API...
2025-12-05 11:02:03,020 - INFO - Retrieved 434 WMP records from simplize.vn API
2025-12-05 11:02:03,021 - INFO - WMP date range: 2010-09-30 to 2025-12-05
2025-12-05 11:02:03,023 - INFO - Replacing milk_wmp data with 434 records (range 2010-09-30 -> 2025-12-05)
2025-12-05 11:02:03,035 - INFO - Creating backup of existing file: commodity_prices.parquet
2025-12-05 11:02:03,038 - INFO -   🗑️  Deleted old backup: commodity_prices_backup_20251204_095226.parquet
2025-12-05 11:02:03,038 - INFO -   ✅ Cleaned up 1 old backups (0.28 MB freed)
2025-12-05 11:02:03,039 - INFO - ✅ Backup created: commodity_prices_backup_20251205_110203.parquet (0.28 MB)
2025-12-05 11:02:03,050 - INFO - Saved 13121 records to /Users/buuphan/Dev/stock_dashboard/calculated_results/commodity/commodity_prices.parquet
2025-12-05 11:02:03,050 - INFO - ✅ Daily commodity update completed. Added 12 new rows from vnstock_data (API supplements may add more).
2025-12-05 15:55:47,791 - INFO - BackupLogger initialized. Log directory: /Users/buuphan/Dev/stock_dashboard/data_processor/logs/backup
2025-12-05 15:55:47,791 - INFO - Initialized CommodityPriceUpdater with 3 years of data
2025-12-05 15:55:47,817 - INFO - Loaded existing data: 13121 records
2025-12-05 15:55:47,818 - INFO - gold_vn already up-to-date (latest: 2025-12-05)
2025-12-05 15:55:47,819 - INFO - gold_global already up-to-date (latest: 2025-12-05)
2025-12-05 15:55:47,820 - INFO - oil_crude already up-to-date (latest: 2025-12-05)
2025-12-05 15:55:47,820 - INFO - gas_natural already up-to-date (latest: 2025-12-05)
2025-12-05 15:55:47,821 - INFO - Updating coke from 2025-12-05 to 2025-12-05
2025-12-05 15:55:49,953 - INFO - ✅ Authentication successful: Phan Quoc Buu
2025-12-05 15:55:49,954 - INFO - License verified via vnii: is_paid=True, tier=golden
2025-12-05 15:55:53,219 - INFO - ✅ Authentication successful: Phan Quoc Buu
2025-12-05 15:55:53,590 - INFO - Retrieved 1 records for coke
2025-12-05 15:55:53,591 - INFO - Appending 1 new rows for coke
2025-12-05 15:55:53,592 - INFO - steel_d10 already up-to-date (latest: 2025-12-05)
2025-12-05 15:55:53,594 - INFO - Updating steel_hrc from 2025-12-05 to 2025-12-05
2025-12-05 15:55:53,857 - WARNING - No data found for steel_hrc
2025-12-05 15:55:53,857 - WARNING - No data returned for steel_hrc
2025-12-05 15:55:53,859 - INFO - Updating iron_ore from 2025-12-05 to 2025-12-05
2025-12-05 15:55:54,116 - WARNING - No data found for iron_ore
2025-12-05 15:55:54,116 - WARNING - No data returned for iron_ore
2025-12-05 15:55:54,117 - INFO - Updating fertilizer_ure from 2025-12-05 to 2025-12-05
2025-12-05 15:55:54,366 - WARNING - No data found for fertilizer_ure
2025-12-05 15:55:54,366 - WARNING - No data returned for fertilizer_ure
2025-12-05 15:55:54,368 - INFO - soybean already up-to-date (latest: 2025-12-05)
2025-12-05 15:55:54,370 - INFO - corn already up-to-date (latest: 2025-12-05)
2025-12-05 15:55:54,372 - INFO - Updating sugar from 2025-12-05 to 2025-12-05
2025-12-05 15:55:54,615 - INFO - Retrieved 1 records for sugar
2025-12-05 15:55:54,616 - INFO - Appending 1 new rows for sugar
2025-12-05 15:55:54,618 - INFO - Updating pork_north_vn from 2025-12-05 to 2025-12-05
2025-12-05 15:55:54,900 - WARNING - No data found for pork_north_vn
2025-12-05 15:55:54,900 - WARNING - No data returned for pork_north_vn
2025-12-05 15:55:54,902 - INFO - Updating pork_china from 2025-11-19 to 2025-12-05
2025-12-05 15:55:55,196 - WARNING - No data found for pork_china
2025-12-05 15:55:55,196 - WARNING - No data returned for pork_china
2025-12-05 15:55:55,199 - INFO - Updating steel_coated from 2025-12-05 to 2025-12-05
2025-12-05 15:55:55,200 - WARNING - Method steel_coated not found in CommodityPrice
2025-12-05 15:55:55,200 - WARNING - No data returned for steel_coated
2025-12-05 15:55:55,201 - INFO - Updating pvc_china from 2025-12-05 to 2025-12-05
2025-12-05 15:55:55,202 - WARNING - Method pvc_china not found in CommodityPrice
2025-12-05 15:55:55,202 - WARNING - No data returned for pvc_china
2025-12-05 15:55:55,207 - INFO - Appended 2 new rows from vnstock_data.
2025-12-05 15:55:55,207 - INFO - Running supplementary updates from external commodity APIs...
2025-12-05 15:55:55,209 - INFO - Latest existing pork_north_vn data: 2025-12-04
2025-12-05 15:55:55,209 - INFO - Fetching pork data from wichart.vn API...
2025-12-05 15:55:55,313 - INFO - Retrieved 507 records from wichart.vn API
2025-12-05 15:55:55,313 - INFO - Date range: 2023-12-04 to 2025-12-04
2025-12-05 15:55:55,314 - INFO - No new data from wichart.vn API (all data already exists)
2025-12-05 15:55:55,315 - INFO - Latest existing fertilizer_ure_vn data: 2025-11-27
2025-12-05 15:55:55,315 - INFO - Total existing records: 610
2025-12-05 15:55:55,315 - INFO - Fetching fertilizer_ure data from wichart.vn API...
2025-12-05 15:55:55,439 - INFO - Retrieved 599 records from wichart.vn API (Phú Mỹ - DPM)
2025-12-05 15:55:55,439 - INFO - Date range: 2023-12-04 to 2025-11-27
2025-12-05 15:55:55,441 - INFO - No new data from wichart.vn API (all data already exists)
2025-12-05 15:55:55,442 - INFO - Latest existing steel_coated data: 2025-12-04
2025-12-05 15:55:55,442 - INFO - Total existing records: 521
2025-12-05 15:55:55,442 - INFO - Fetching steel_coated data from wichart.vn API...
2025-12-05 15:55:55,529 - INFO - Retrieved 514 records from wichart.vn API
2025-12-05 15:55:55,529 - INFO - Date range: 2023-12-04 to 2025-12-04
2025-12-05 15:55:55,530 - INFO - No new data from wichart.vn API (all data already exists)
2025-12-05 15:55:55,531 - INFO - Latest existing pvc_china data: 2025-12-04
2025-12-05 15:55:55,531 - INFO - Total existing records: 514
2025-12-05 15:55:55,531 - INFO - Fetching pvc_china data from wichart.vn API...
2025-12-05 15:55:55,627 - INFO - Retrieved 507 records from wichart.vn API
2025-12-05 15:55:55,627 - INFO - Date range: 2023-12-04 to 2025-12-04
2025-12-05 15:55:55,628 - INFO - No new data from wichart.vn API (all data already exists)
2025-12-05 15:55:55,628 - INFO - Fetching WMP data from simplize.vn API...
2025-12-05 15:55:56,091 - INFO - Retrieved 434 WMP records from simplize.vn API
2025-12-05 15:55:56,091 - INFO - WMP date range: 2010-09-30 to 2025-12-05
2025-12-05 15:55:56,093 - INFO - Replacing milk_wmp data with 434 records (range 2010-09-30 -> 2025-12-05)
2025-12-05 15:55:56,102 - INFO - Creating backup of existing file: commodity_prices.parquet
2025-12-05 15:55:56,104 - INFO -   🗑️  Deleted old backup: commodity_prices_backup_20251204_101815.parquet
2025-12-05 15:55:56,104 - INFO -   ✅ Cleaned up 1 old backups (0.28 MB freed)
2025-12-05 15:55:56,107 - INFO - ✅ Backup created: commodity_prices_backup_20251205_155556.parquet (0.28 MB)
2025-12-05 15:55:56,118 - INFO - Saved 13123 records to /Users/buuphan/Dev/stock_dashboard/calculated_results/commodity/commodity_prices.parquet
2025-12-05 15:55:56,119 - INFO - ✅ Daily commodity update completed. Added 2 new rows from vnstock_data (API supplements may add more).
